{"/Users/andrea/Developer/GitHub/thesis-management-project/code/server/dao.js": {"path":"/Users/andrea/Developer/GitHub/thesis-management-project/code/server/dao.js","statementMap":{"0":{"start":{"line":1,"column":11},"end":{"line":1,"column":26}},"1":{"start":{"line":2,"column":14},"end":{"line":2,"column":30}},"2":{"start":{"line":3,"column":26},"end":{"line":3,"column":67}},"3":{"start":{"line":4,"column":20},"end":{"line":4,"column":57}},"4":{"start":{"line":6,"column":0},"end":{"line":6,"column":32}},"5":{"start":{"line":7,"column":0},"end":{"line":7,"column":28}},"6":{"start":{"line":10,"column":0},"end":{"line":25,"column":1}},"7":{"start":{"line":11,"column":2},"end":{"line":24,"column":5}},"8":{"start":{"line":12,"column":16},"end":{"line":12,"column":100}},"9":{"start":{"line":13,"column":4},"end":{"line":23,"column":6}},"10":{"start":{"line":17,"column":8},"end":{"line":21,"column":9}},"11":{"start":{"line":18,"column":10},"end":{"line":18,"column":22}},"12":{"start":{"line":20,"column":10},"end":{"line":20,"column":32}},"13":{"start":{"line":27,"column":0},"end":{"line":92,"column":2}},"14":{"start":{"line":28,"column":2},"end":{"line":91,"column":5}},"15":{"start":{"line":29,"column":16},"end":{"line":29,"column":48}},"16":{"start":{"line":31,"column":4},"end":{"line":90,"column":7}},"17":{"start":{"line":35,"column":8},"end":{"line":89,"column":7}},"18":{"start":{"line":36,"column":10},"end":{"line":36,"column":22}},"19":{"start":{"line":37,"column":15},"end":{"line":89,"column":7}},"20":{"start":{"line":38,"column":10},"end":{"line":42,"column":12}},"21":{"start":{"line":44,"column":10},"end":{"line":88,"column":9}},"22":{"start":{"line":46,"column":30},"end":{"line":60,"column":15}},"23":{"start":{"line":46,"column":49},"end":{"line":60,"column":13}},"24":{"start":{"line":61,"column":12},"end":{"line":61,"column":31}},"25":{"start":{"line":64,"column":30},"end":{"line":81,"column":14}},"26":{"start":{"line":65,"column":27},"end":{"line":65,"column":56}},"27":{"start":{"line":66,"column":29},"end":{"line":80,"column":15}},"28":{"start":{"line":83,"column":10},"end":{"line":87,"column":11}},"29":{"start":{"line":84,"column":12},"end":{"line":84,"column":86}},"30":{"start":{"line":86,"column":12},"end":{"line":86,"column":31}},"31":{"start":{"line":95,"column":0},"end":{"line":118,"column":1}},"32":{"start":{"line":96,"column":2},"end":{"line":117,"column":5}},"33":{"start":{"line":97,"column":16},"end":{"line":97,"column":73}},"34":{"start":{"line":98,"column":4},"end":{"line":116,"column":6}},"35":{"start":{"line":102,"column":8},"end":{"line":114,"column":9}},"36":{"start":{"line":103,"column":10},"end":{"line":103,"column":22}},"37":{"start":{"line":104,"column":15},"end":{"line":114,"column":9}},"38":{"start":{"line":105,"column":10},"end":{"line":105,"column":90}},"39":{"start":{"line":107,"column":28},"end":{"line":112,"column":13}},"40":{"start":{"line":107,"column":45},"end":{"line":112,"column":11}},"41":{"start":{"line":113,"column":10},"end":{"line":113,"column":29}},"42":{"start":{"line":120,"column":0},"end":{"line":142,"column":1}},"43":{"start":{"line":121,"column":2},"end":{"line":141,"column":5}},"44":{"start":{"line":122,"column":16},"end":{"line":122,"column":75}},"45":{"start":{"line":123,"column":4},"end":{"line":140,"column":6}},"46":{"start":{"line":127,"column":8},"end":{"line":138,"column":9}},"47":{"start":{"line":128,"column":10},"end":{"line":128,"column":22}},"48":{"start":{"line":129,"column":15},"end":{"line":138,"column":9}},"49":{"start":{"line":130,"column":10},"end":{"line":130,"column":90}},"50":{"start":{"line":132,"column":28},"end":{"line":136,"column":13}},"51":{"start":{"line":132,"column":45},"end":{"line":136,"column":11}},"52":{"start":{"line":137,"column":10},"end":{"line":137,"column":29}},"53":{"start":{"line":144,"column":0},"end":{"line":162,"column":1}},"54":{"start":{"line":145,"column":2},"end":{"line":161,"column":5}},"55":{"start":{"line":146,"column":16},"end":{"line":146,"column":63}},"56":{"start":{"line":147,"column":4},"end":{"line":160,"column":6}},"57":{"start":{"line":151,"column":8},"end":{"line":158,"column":9}},"58":{"start":{"line":152,"column":10},"end":{"line":152,"column":22}},"59":{"start":{"line":153,"column":15},"end":{"line":158,"column":9}},"60":{"start":{"line":154,"column":10},"end":{"line":154,"column":71}},"61":{"start":{"line":156,"column":26},"end":{"line":156,"column":88}},"62":{"start":{"line":156,"column":45},"end":{"line":156,"column":86}},"63":{"start":{"line":157,"column":10},"end":{"line":157,"column":27}},"64":{"start":{"line":164,"column":0},"end":{"line":181,"column":1}},"65":{"start":{"line":165,"column":2},"end":{"line":180,"column":5}},"66":{"start":{"line":166,"column":16},"end":{"line":166,"column":60}},"67":{"start":{"line":167,"column":4},"end":{"line":179,"column":5}},"68":{"start":{"line":171,"column":8},"end":{"line":177,"column":9}},"69":{"start":{"line":172,"column":10},"end":{"line":172,"column":22}},"70":{"start":{"line":173,"column":15},"end":{"line":177,"column":9}},"71":{"start":{"line":174,"column":10},"end":{"line":174,"column":85}},"72":{"start":{"line":176,"column":10},"end":{"line":176,"column":34}},"73":{"start":{"line":184,"column":0},"end":{"line":201,"column":1}},"74":{"start":{"line":185,"column":2},"end":{"line":200,"column":5}},"75":{"start":{"line":186,"column":16},"end":{"line":188,"column":40}},"76":{"start":{"line":189,"column":4},"end":{"line":199,"column":6}},"77":{"start":{"line":193,"column":8},"end":{"line":197,"column":9}},"78":{"start":{"line":194,"column":10},"end":{"line":194,"column":22}},"79":{"start":{"line":196,"column":10},"end":{"line":196,"column":31}},"80":{"start":{"line":203,"column":0},"end":{"line":218,"column":1}},"81":{"start":{"line":204,"column":2},"end":{"line":217,"column":5}},"82":{"start":{"line":205,"column":16},"end":{"line":205,"column":57}},"83":{"start":{"line":206,"column":4},"end":{"line":216,"column":5}},"84":{"start":{"line":210,"column":8},"end":{"line":214,"column":9}},"85":{"start":{"line":211,"column":10},"end":{"line":211,"column":22}},"86":{"start":{"line":213,"column":10},"end":{"line":213,"column":32}},"87":{"start":{"line":223,"column":0},"end":{"line":264,"column":1}},"88":{"start":{"line":224,"column":13},"end":{"line":224,"column":51}},"89":{"start":{"line":225,"column":2},"end":{"line":263,"column":5}},"90":{"start":{"line":226,"column":16},"end":{"line":226,"column":48}},"91":{"start":{"line":227,"column":4},"end":{"line":262,"column":5}},"92":{"start":{"line":231,"column":8},"end":{"line":260,"column":9}},"93":{"start":{"line":232,"column":10},"end":{"line":232,"column":21}},"94":{"start":{"line":233,"column":15},"end":{"line":260,"column":9}},"95":{"start":{"line":234,"column":10},"end":{"line":234,"column":76}},"96":{"start":{"line":236,"column":28},"end":{"line":258,"column":14}},"97":{"start":{"line":238,"column":26},"end":{"line":238,"column":59}},"98":{"start":{"line":239,"column":14},"end":{"line":240,"column":25}},"99":{"start":{"line":240,"column":16},"end":{"line":240,"column":25}},"100":{"start":{"line":243,"column":14},"end":{"line":257,"column":15}},"101":{"start":{"line":259,"column":10},"end":{"line":259,"column":29}},"102":{"start":{"line":266,"column":0},"end":{"line":307,"column":1}},"103":{"start":{"line":267,"column":13},"end":{"line":267,"column":51}},"104":{"start":{"line":268,"column":2},"end":{"line":306,"column":5}},"105":{"start":{"line":269,"column":16},"end":{"line":269,"column":57}},"106":{"start":{"line":270,"column":4},"end":{"line":305,"column":5}},"107":{"start":{"line":274,"column":8},"end":{"line":303,"column":9}},"108":{"start":{"line":275,"column":10},"end":{"line":275,"column":21}},"109":{"start":{"line":276,"column":15},"end":{"line":303,"column":9}},"110":{"start":{"line":277,"column":10},"end":{"line":277,"column":85}},"111":{"start":{"line":279,"column":28},"end":{"line":301,"column":14}},"112":{"start":{"line":281,"column":26},"end":{"line":281,"column":59}},"113":{"start":{"line":282,"column":14},"end":{"line":283,"column":25}},"114":{"start":{"line":283,"column":16},"end":{"line":283,"column":25}},"115":{"start":{"line":286,"column":14},"end":{"line":300,"column":15}},"116":{"start":{"line":302,"column":10},"end":{"line":302,"column":29}},"117":{"start":{"line":309,"column":0},"end":{"line":326,"column":1}},"118":{"start":{"line":310,"column":2},"end":{"line":325,"column":5}},"119":{"start":{"line":311,"column":16},"end":{"line":313,"column":48}},"120":{"start":{"line":314,"column":2},"end":{"line":324,"column":4}},"121":{"start":{"line":318,"column":6},"end":{"line":322,"column":7}},"122":{"start":{"line":319,"column":8},"end":{"line":319,"column":20}},"123":{"start":{"line":321,"column":8},"end":{"line":321,"column":29}},"124":{"start":{"line":328,"column":0},"end":{"line":343,"column":1}},"125":{"start":{"line":329,"column":2},"end":{"line":342,"column":5}},"126":{"start":{"line":330,"column":16},"end":{"line":330,"column":66}},"127":{"start":{"line":331,"column":4},"end":{"line":341,"column":5}},"128":{"start":{"line":335,"column":8},"end":{"line":339,"column":9}},"129":{"start":{"line":336,"column":10},"end":{"line":336,"column":22}},"130":{"start":{"line":338,"column":10},"end":{"line":338,"column":32}}},"fnMap":{"0":{"name":"(anonymous_0)","decl":{"start":{"line":10,"column":34},"end":{"line":10,"column":35}},"loc":{"start":{"line":10,"column":78},"end":{"line":25,"column":1}},"line":10},"1":{"name":"(anonymous_1)","decl":{"start":{"line":11,"column":21},"end":{"line":11,"column":22}},"loc":{"start":{"line":11,"column":42},"end":{"line":24,"column":3}},"line":11},"2":{"name":"(anonymous_2)","decl":{"start":{"line":16,"column":6},"end":{"line":16,"column":7}},"loc":{"start":{"line":16,"column":20},"end":{"line":22,"column":7}},"line":16},"3":{"name":"(anonymous_3)","decl":{"start":{"line":27,"column":29},"end":{"line":27,"column":30}},"loc":{"start":{"line":27,"column":42},"end":{"line":92,"column":1}},"line":27},"4":{"name":"(anonymous_4)","decl":{"start":{"line":28,"column":21},"end":{"line":28,"column":22}},"loc":{"start":{"line":28,"column":42},"end":{"line":91,"column":3}},"line":28},"5":{"name":"(anonymous_5)","decl":{"start":{"line":34,"column":6},"end":{"line":34,"column":7}},"loc":{"start":{"line":34,"column":21},"end":{"line":90,"column":5}},"line":34},"6":{"name":"(anonymous_6)","decl":{"start":{"line":46,"column":39},"end":{"line":46,"column":40}},"loc":{"start":{"line":46,"column":49},"end":{"line":60,"column":13}},"line":46},"7":{"name":"(anonymous_7)","decl":{"start":{"line":65,"column":22},"end":{"line":65,"column":23}},"loc":{"start":{"line":65,"column":27},"end":{"line":65,"column":56}},"line":65},"8":{"name":"(anonymous_8)","decl":{"start":{"line":66,"column":19},"end":{"line":66,"column":20}},"loc":{"start":{"line":66,"column":29},"end":{"line":80,"column":15}},"line":66},"9":{"name":"(anonymous_9)","decl":{"start":{"line":95,"column":24},"end":{"line":95,"column":25}},"loc":{"start":{"line":95,"column":30},"end":{"line":118,"column":1}},"line":95},"10":{"name":"(anonymous_10)","decl":{"start":{"line":96,"column":21},"end":{"line":96,"column":22}},"loc":{"start":{"line":96,"column":42},"end":{"line":117,"column":3}},"line":96},"11":{"name":"(anonymous_11)","decl":{"start":{"line":101,"column":6},"end":{"line":101,"column":7}},"loc":{"start":{"line":101,"column":21},"end":{"line":115,"column":7}},"line":101},"12":{"name":"(anonymous_12)","decl":{"start":{"line":107,"column":37},"end":{"line":107,"column":38}},"loc":{"start":{"line":107,"column":45},"end":{"line":112,"column":11}},"line":107},"13":{"name":"(anonymous_13)","decl":{"start":{"line":120,"column":23},"end":{"line":120,"column":24}},"loc":{"start":{"line":120,"column":29},"end":{"line":142,"column":1}},"line":120},"14":{"name":"(anonymous_14)","decl":{"start":{"line":121,"column":21},"end":{"line":121,"column":22}},"loc":{"start":{"line":121,"column":42},"end":{"line":141,"column":3}},"line":121},"15":{"name":"(anonymous_15)","decl":{"start":{"line":126,"column":6},"end":{"line":126,"column":7}},"loc":{"start":{"line":126,"column":21},"end":{"line":139,"column":7}},"line":126},"16":{"name":"(anonymous_16)","decl":{"start":{"line":132,"column":37},"end":{"line":132,"column":38}},"loc":{"start":{"line":132,"column":45},"end":{"line":136,"column":11}},"line":132},"17":{"name":"(anonymous_17)","decl":{"start":{"line":144,"column":21},"end":{"line":144,"column":22}},"loc":{"start":{"line":144,"column":27},"end":{"line":162,"column":1}},"line":144},"18":{"name":"(anonymous_18)","decl":{"start":{"line":145,"column":21},"end":{"line":145,"column":22}},"loc":{"start":{"line":145,"column":42},"end":{"line":161,"column":3}},"line":145},"19":{"name":"(anonymous_19)","decl":{"start":{"line":150,"column":6},"end":{"line":150,"column":7}},"loc":{"start":{"line":150,"column":21},"end":{"line":159,"column":7}},"line":150},"20":{"name":"(anonymous_20)","decl":{"start":{"line":156,"column":35},"end":{"line":156,"column":36}},"loc":{"start":{"line":156,"column":45},"end":{"line":156,"column":86}},"line":156},"21":{"name":"(anonymous_21)","decl":{"start":{"line":164,"column":33},"end":{"line":164,"column":34}},"loc":{"start":{"line":164,"column":41},"end":{"line":181,"column":1}},"line":164},"22":{"name":"(anonymous_22)","decl":{"start":{"line":165,"column":21},"end":{"line":165,"column":22}},"loc":{"start":{"line":165,"column":42},"end":{"line":180,"column":3}},"line":165},"23":{"name":"(anonymous_23)","decl":{"start":{"line":170,"column":6},"end":{"line":170,"column":7}},"loc":{"start":{"line":170,"column":20},"end":{"line":178,"column":7}},"line":170},"24":{"name":"(anonymous_24)","decl":{"start":{"line":184,"column":26},"end":{"line":184,"column":27}},"loc":{"start":{"line":184,"column":40},"end":{"line":201,"column":1}},"line":184},"25":{"name":"(anonymous_25)","decl":{"start":{"line":185,"column":21},"end":{"line":185,"column":22}},"loc":{"start":{"line":185,"column":42},"end":{"line":200,"column":3}},"line":185},"26":{"name":"(anonymous_26)","decl":{"start":{"line":192,"column":6},"end":{"line":192,"column":7}},"loc":{"start":{"line":192,"column":21},"end":{"line":198,"column":7}},"line":192},"27":{"name":"(anonymous_27)","decl":{"start":{"line":203,"column":25},"end":{"line":203,"column":26}},"loc":{"start":{"line":203,"column":41},"end":{"line":218,"column":1}},"line":203},"28":{"name":"(anonymous_28)","decl":{"start":{"line":204,"column":21},"end":{"line":204,"column":22}},"loc":{"start":{"line":204,"column":42},"end":{"line":217,"column":3}},"line":204},"29":{"name":"(anonymous_29)","decl":{"start":{"line":209,"column":6},"end":{"line":209,"column":7}},"loc":{"start":{"line":209,"column":20},"end":{"line":215,"column":7}},"line":209},"30":{"name":"(anonymous_30)","decl":{"start":{"line":223,"column":30},"end":{"line":223,"column":31}},"loc":{"start":{"line":223,"column":53},"end":{"line":264,"column":1}},"line":223},"31":{"name":"(anonymous_31)","decl":{"start":{"line":225,"column":21},"end":{"line":225,"column":22}},"loc":{"start":{"line":225,"column":42},"end":{"line":263,"column":3}},"line":225},"32":{"name":"(anonymous_32)","decl":{"start":{"line":230,"column":6},"end":{"line":230,"column":7}},"loc":{"start":{"line":230,"column":20},"end":{"line":261,"column":7}},"line":230},"33":{"name":"(anonymous_33)","decl":{"start":{"line":237,"column":21},"end":{"line":237,"column":22}},"loc":{"start":{"line":237,"column":26},"end":{"line":241,"column":13}},"line":237},"34":{"name":"(anonymous_34)","decl":{"start":{"line":242,"column":18},"end":{"line":242,"column":19}},"loc":{"start":{"line":243,"column":14},"end":{"line":257,"column":15}},"line":243},"35":{"name":"(anonymous_35)","decl":{"start":{"line":266,"column":31},"end":{"line":266,"column":32}},"loc":{"start":{"line":266,"column":54},"end":{"line":307,"column":1}},"line":266},"36":{"name":"(anonymous_36)","decl":{"start":{"line":268,"column":21},"end":{"line":268,"column":22}},"loc":{"start":{"line":268,"column":42},"end":{"line":306,"column":3}},"line":268},"37":{"name":"(anonymous_37)","decl":{"start":{"line":273,"column":6},"end":{"line":273,"column":7}},"loc":{"start":{"line":273,"column":20},"end":{"line":304,"column":7}},"line":273},"38":{"name":"(anonymous_38)","decl":{"start":{"line":280,"column":21},"end":{"line":280,"column":22}},"loc":{"start":{"line":280,"column":26},"end":{"line":284,"column":13}},"line":280},"39":{"name":"(anonymous_39)","decl":{"start":{"line":285,"column":18},"end":{"line":285,"column":19}},"loc":{"start":{"line":286,"column":14},"end":{"line":300,"column":15}},"line":286},"40":{"name":"(anonymous_40)","decl":{"start":{"line":309,"column":26},"end":{"line":309,"column":27}},"loc":{"start":{"line":309,"column":40},"end":{"line":326,"column":1}},"line":309},"41":{"name":"(anonymous_41)","decl":{"start":{"line":310,"column":21},"end":{"line":310,"column":22}},"loc":{"start":{"line":310,"column":42},"end":{"line":325,"column":3}},"line":310},"42":{"name":"(anonymous_42)","decl":{"start":{"line":317,"column":4},"end":{"line":317,"column":5}},"loc":{"start":{"line":317,"column":18},"end":{"line":323,"column":5}},"line":317},"43":{"name":"(anonymous_43)","decl":{"start":{"line":328,"column":37},"end":{"line":328,"column":38}},"loc":{"start":{"line":328,"column":53},"end":{"line":343,"column":1}},"line":328},"44":{"name":"(anonymous_44)","decl":{"start":{"line":329,"column":21},"end":{"line":329,"column":22}},"loc":{"start":{"line":329,"column":42},"end":{"line":342,"column":3}},"line":329},"45":{"name":"(anonymous_45)","decl":{"start":{"line":334,"column":6},"end":{"line":334,"column":7}},"loc":{"start":{"line":334,"column":20},"end":{"line":340,"column":7}},"line":334}},"branchMap":{"0":{"loc":{"start":{"line":17,"column":8},"end":{"line":21,"column":9}},"type":"if","locations":[{"start":{"line":17,"column":8},"end":{"line":21,"column":9}},{"start":{"line":19,"column":15},"end":{"line":21,"column":9}}],"line":17},"1":{"loc":{"start":{"line":35,"column":8},"end":{"line":89,"column":7}},"type":"if","locations":[{"start":{"line":35,"column":8},"end":{"line":89,"column":7}},{"start":{"line":37,"column":15},"end":{"line":89,"column":7}}],"line":35},"2":{"loc":{"start":{"line":37,"column":15},"end":{"line":89,"column":7}},"type":"if","locations":[{"start":{"line":37,"column":15},"end":{"line":89,"column":7}},{"start":{"line":43,"column":15},"end":{"line":89,"column":7}}],"line":37},"3":{"loc":{"start":{"line":39,"column":12},"end":{"line":41,"column":77}},"type":"cond-expr","locations":[{"start":{"line":40,"column":12},"end":{"line":40,"column":66}},{"start":{"line":41,"column":12},"end":{"line":41,"column":77}}],"line":39},"4":{"loc":{"start":{"line":44,"column":10},"end":{"line":88,"column":9}},"type":"if","locations":[{"start":{"line":44,"column":10},"end":{"line":88,"column":9}},{"start":{"line":62,"column":17},"end":{"line":88,"column":9}}],"line":44},"5":{"loc":{"start":{"line":83,"column":10},"end":{"line":87,"column":11}},"type":"if","locations":[{"start":{"line":83,"column":10},"end":{"line":87,"column":11}},{"start":{"line":85,"column":17},"end":{"line":87,"column":11}}],"line":83},"6":{"loc":{"start":{"line":102,"column":8},"end":{"line":114,"column":9}},"type":"if","locations":[{"start":{"line":102,"column":8},"end":{"line":114,"column":9}},{"start":{"line":104,"column":15},"end":{"line":114,"column":9}}],"line":102},"7":{"loc":{"start":{"line":104,"column":15},"end":{"line":114,"column":9}},"type":"if","locations":[{"start":{"line":104,"column":15},"end":{"line":114,"column":9}},{"start":{"line":106,"column":15},"end":{"line":114,"column":9}}],"line":104},"8":{"loc":{"start":{"line":127,"column":8},"end":{"line":138,"column":9}},"type":"if","locations":[{"start":{"line":127,"column":8},"end":{"line":138,"column":9}},{"start":{"line":129,"column":15},"end":{"line":138,"column":9}}],"line":127},"9":{"loc":{"start":{"line":129,"column":15},"end":{"line":138,"column":9}},"type":"if","locations":[{"start":{"line":129,"column":15},"end":{"line":138,"column":9}},{"start":{"line":131,"column":15},"end":{"line":138,"column":9}}],"line":129},"10":{"loc":{"start":{"line":151,"column":8},"end":{"line":158,"column":9}},"type":"if","locations":[{"start":{"line":151,"column":8},"end":{"line":158,"column":9}},{"start":{"line":153,"column":15},"end":{"line":158,"column":9}}],"line":151},"11":{"loc":{"start":{"line":153,"column":15},"end":{"line":158,"column":9}},"type":"if","locations":[{"start":{"line":153,"column":15},"end":{"line":158,"column":9}},{"start":{"line":155,"column":15},"end":{"line":158,"column":9}}],"line":153},"12":{"loc":{"start":{"line":171,"column":8},"end":{"line":177,"column":9}},"type":"if","locations":[{"start":{"line":171,"column":8},"end":{"line":177,"column":9}},{"start":{"line":173,"column":15},"end":{"line":177,"column":9}}],"line":171},"13":{"loc":{"start":{"line":173,"column":15},"end":{"line":177,"column":9}},"type":"if","locations":[{"start":{"line":173,"column":15},"end":{"line":177,"column":9}},{"start":{"line":175,"column":15},"end":{"line":177,"column":9}}],"line":173},"14":{"loc":{"start":{"line":193,"column":8},"end":{"line":197,"column":9}},"type":"if","locations":[{"start":{"line":193,"column":8},"end":{"line":197,"column":9}},{"start":{"line":195,"column":15},"end":{"line":197,"column":9}}],"line":193},"15":{"loc":{"start":{"line":210,"column":8},"end":{"line":214,"column":9}},"type":"if","locations":[{"start":{"line":210,"column":8},"end":{"line":214,"column":9}},{"start":{"line":212,"column":15},"end":{"line":214,"column":9}}],"line":210},"16":{"loc":{"start":{"line":231,"column":8},"end":{"line":260,"column":9}},"type":"if","locations":[{"start":{"line":231,"column":8},"end":{"line":260,"column":9}},{"start":{"line":233,"column":15},"end":{"line":260,"column":9}}],"line":231},"17":{"loc":{"start":{"line":233,"column":15},"end":{"line":260,"column":9}},"type":"if","locations":[{"start":{"line":233,"column":15},"end":{"line":260,"column":9}},{"start":{"line":235,"column":15},"end":{"line":260,"column":9}}],"line":233},"18":{"loc":{"start":{"line":239,"column":14},"end":{"line":240,"column":25}},"type":"if","locations":[{"start":{"line":239,"column":14},"end":{"line":240,"column":25}},{"start":{},"end":{}}],"line":239},"19":{"loc":{"start":{"line":274,"column":8},"end":{"line":303,"column":9}},"type":"if","locations":[{"start":{"line":274,"column":8},"end":{"line":303,"column":9}},{"start":{"line":276,"column":15},"end":{"line":303,"column":9}}],"line":274},"20":{"loc":{"start":{"line":276,"column":15},"end":{"line":303,"column":9}},"type":"if","locations":[{"start":{"line":276,"column":15},"end":{"line":303,"column":9}},{"start":{"line":278,"column":15},"end":{"line":303,"column":9}}],"line":276},"21":{"loc":{"start":{"line":282,"column":14},"end":{"line":283,"column":25}},"type":"if","locations":[{"start":{"line":282,"column":14},"end":{"line":283,"column":25}},{"start":{},"end":{}}],"line":282},"22":{"loc":{"start":{"line":318,"column":6},"end":{"line":322,"column":7}},"type":"if","locations":[{"start":{"line":318,"column":6},"end":{"line":322,"column":7}},{"start":{"line":320,"column":13},"end":{"line":322,"column":7}}],"line":318},"23":{"loc":{"start":{"line":335,"column":8},"end":{"line":339,"column":9}},"type":"if","locations":[{"start":{"line":335,"column":8},"end":{"line":339,"column":9}},{"start":{"line":337,"column":15},"end":{"line":339,"column":9}}],"line":335}},"s":{"0":3,"1":3,"2":3,"3":3,"4":3,"5":3,"6":3,"7":0,"8":0,"9":0,"10":0,"11":0,"12":0,"13":3,"14":0,"15":0,"16":0,"17":0,"18":0,"19":0,"20":0,"21":0,"22":0,"23":0,"24":0,"25":0,"26":0,"27":0,"28":0,"29":0,"30":0,"31":3,"32":0,"33":0,"34":0,"35":0,"36":0,"37":0,"38":0,"39":0,"40":0,"41":0,"42":3,"43":0,"44":0,"45":0,"46":0,"47":0,"48":0,"49":0,"50":0,"51":0,"52":0,"53":3,"54":0,"55":0,"56":0,"57":0,"58":0,"59":0,"60":0,"61":0,"62":0,"63":0,"64":3,"65":0,"66":0,"67":0,"68":0,"69":0,"70":0,"71":0,"72":0,"73":3,"74":0,"75":0,"76":0,"77":0,"78":0,"79":0,"80":3,"81":0,"82":0,"83":0,"84":0,"85":0,"86":0,"87":3,"88":0,"89":0,"90":0,"91":0,"92":0,"93":0,"94":0,"95":0,"96":0,"97":0,"98":0,"99":0,"100":0,"101":0,"102":3,"103":0,"104":0,"105":0,"106":0,"107":0,"108":0,"109":0,"110":0,"111":0,"112":0,"113":0,"114":0,"115":0,"116":0,"117":3,"118":0,"119":0,"120":0,"121":0,"122":0,"123":0,"124":3,"125":0,"126":0,"127":0,"128":0,"129":0,"130":0},"f":{"0":0,"1":0,"2":0,"3":0,"4":0,"5":0,"6":0,"7":0,"8":0,"9":0,"10":0,"11":0,"12":0,"13":0,"14":0,"15":0,"16":0,"17":0,"18":0,"19":0,"20":0,"21":0,"22":0,"23":0,"24":0,"25":0,"26":0,"27":0,"28":0,"29":0,"30":0,"31":0,"32":0,"33":0,"34":0,"35":0,"36":0,"37":0,"38":0,"39":0,"40":0,"41":0,"42":0,"43":0,"44":0,"45":0},"b":{"0":[0,0],"1":[0,0],"2":[0,0],"3":[0,0],"4":[0,0],"5":[0,0],"6":[0,0],"7":[0,0],"8":[0,0],"9":[0,0],"10":[0,0],"11":[0,0],"12":[0,0],"13":[0,0],"14":[0,0],"15":[0,0],"16":[0,0],"17":[0,0],"18":[0,0],"19":[0,0],"20":[0,0],"21":[0,0],"22":[0,0],"23":[0,0]},"_coverageSchema":"1a1c01bbd47fc00a2c39e90264f33305004495a9","hash":"c85cdf7c1ccb3475ab231182b887146d1b83dbae"}
,"/Users/andrea/Developer/GitHub/thesis-management-project/code/server/db.js": {"path":"/Users/andrea/Developer/GitHub/thesis-management-project/code/server/db.js","statementMap":{"0":{"start":{"line":2,"column":15},"end":{"line":2,"column":33}},"1":{"start":{"line":3,"column":11},"end":{"line":3,"column":24}},"2":{"start":{"line":7,"column":15},"end":{"line":7,"column":80}},"3":{"start":{"line":10,"column":11},"end":{"line":24,"column":2}},"4":{"start":{"line":11,"column":4},"end":{"line":13,"column":5}},"5":{"start":{"line":12,"column":8},"end":{"line":12,"column":18}},"6":{"start":{"line":14,"column":4},"end":{"line":23,"column":5}},"7":{"start":{"line":16,"column":23},"end":{"line":16,"column":61}},"8":{"start":{"line":17,"column":8},"end":{"line":22,"column":11}},"9":{"start":{"line":18,"column":10},"end":{"line":21,"column":13}},"10":{"start":{"line":19,"column":12},"end":{"line":20,"column":27}},"11":{"start":{"line":19,"column":21},"end":{"line":19,"column":33}},"12":{"start":{"line":20,"column":17},"end":{"line":20,"column":27}},"13":{"start":{"line":26,"column":0},"end":{"line":26,"column":20}}},"fnMap":{"0":{"name":"(anonymous_0)","decl":{"start":{"line":10,"column":39},"end":{"line":10,"column":40}},"loc":{"start":{"line":10,"column":54},"end":{"line":24,"column":1}},"line":10},"1":{"name":"(anonymous_1)","decl":{"start":{"line":17,"column":26},"end":{"line":17,"column":27}},"loc":{"start":{"line":17,"column":47},"end":{"line":22,"column":9}},"line":17},"2":{"name":"(anonymous_2)","decl":{"start":{"line":18,"column":26},"end":{"line":18,"column":27}},"loc":{"start":{"line":18,"column":35},"end":{"line":21,"column":11}},"line":18}},"branchMap":{"0":{"loc":{"start":{"line":7,"column":15},"end":{"line":7,"column":80}},"type":"cond-expr","locations":[{"start":{"line":7,"column":49},"end":{"line":7,"column":59}},{"start":{"line":7,"column":62},"end":{"line":7,"column":80}}],"line":7},"1":{"loc":{"start":{"line":11,"column":4},"end":{"line":13,"column":5}},"type":"if","locations":[{"start":{"line":11,"column":4},"end":{"line":13,"column":5}},{"start":{},"end":{}}],"line":11},"2":{"loc":{"start":{"line":14,"column":4},"end":{"line":23,"column":5}},"type":"if","locations":[{"start":{"line":14,"column":4},"end":{"line":23,"column":5}},{"start":{},"end":{}}],"line":14},"3":{"loc":{"start":{"line":19,"column":12},"end":{"line":20,"column":27}},"type":"if","locations":[{"start":{"line":19,"column":12},"end":{"line":20,"column":27}},{"start":{"line":20,"column":17},"end":{"line":20,"column":27}}],"line":19}},"s":{"0":3,"1":3,"2":3,"3":3,"4":0,"5":0,"6":0,"7":0,"8":0,"9":0,"10":0,"11":0,"12":0,"13":3},"f":{"0":0,"1":0,"2":0},"b":{"0":[3,0],"1":[0,0],"2":[0,0],"3":[0,0]},"_coverageSchema":"1a1c01bbd47fc00a2c39e90264f33305004495a9","hash":"c2ae4fea1fac542380eeba5f7c5c315f27a87058"}
,"/Users/andrea/Developer/GitHub/thesis-management-project/code/server/model.js": {"path":"/Users/andrea/Developer/GitHub/thesis-management-project/code/server/model.js","statementMap":{"0":{"start":{"line":4,"column":4},"end":{"line":4,"column":17}},"1":{"start":{"line":5,"column":4},"end":{"line":5,"column":23}},"2":{"start":{"line":6,"column":4},"end":{"line":6,"column":33}},"3":{"start":{"line":7,"column":4},"end":{"line":7,"column":39}},"4":{"start":{"line":8,"column":4},"end":{"line":8,"column":29}},"5":{"start":{"line":9,"column":4},"end":{"line":9,"column":21}},"6":{"start":{"line":10,"column":4},"end":{"line":10,"column":25}},"7":{"start":{"line":11,"column":4},"end":{"line":11,"column":35}},"8":{"start":{"line":12,"column":4},"end":{"line":12,"column":37}},"9":{"start":{"line":13,"column":4},"end":{"line":13,"column":23}},"10":{"start":{"line":14,"column":4},"end":{"line":14,"column":33}},"11":{"start":{"line":15,"column":4},"end":{"line":15,"column":23}},"12":{"start":{"line":16,"column":4},"end":{"line":16,"column":19}},"13":{"start":{"line":19,"column":0},"end":{"line":19,"column":34}}},"fnMap":{"0":{"name":"ThesisProposal","decl":{"start":{"line":3,"column":9},"end":{"line":3,"column":23}},"loc":{"start":{"line":3,"column":144},"end":{"line":17,"column":1}},"line":3}},"branchMap":{},"s":{"0":1,"1":1,"2":1,"3":1,"4":1,"5":1,"6":1,"7":1,"8":1,"9":1,"10":1,"11":1,"12":1,"13":1},"f":{"0":1},"b":{},"_coverageSchema":"1a1c01bbd47fc00a2c39e90264f33305004495a9","hash":"67d1e4608538c613b5213e1c584837db39933e18"}
,"/Users/andrea/Developer/GitHub/thesis-management-project/code/server/routes/controller/general.js": {"path":"/Users/andrea/Developer/GitHub/thesis-management-project/code/server/routes/controller/general.js","statementMap":{"0":{"start":{"line":1,"column":12},"end":{"line":1,"column":32}},"1":{"start":{"line":3,"column":27},"end":{"line":18,"column":1}},"2":{"start":{"line":4,"column":24},"end":{"line":4,"column":26}},"3":{"start":{"line":5,"column":4},"end":{"line":7,"column":5}},"4":{"start":{"line":6,"column":8},"end":{"line":6,"column":45}},"5":{"start":{"line":8,"column":4},"end":{"line":17,"column":5}},"6":{"start":{"line":9,"column":26},"end":{"line":9,"column":69}},"7":{"start":{"line":10,"column":8},"end":{"line":14,"column":9}},"8":{"start":{"line":11,"column":12},"end":{"line":11,"column":51}},"9":{"start":{"line":13,"column":12},"end":{"line":13,"column":51}},"10":{"start":{"line":16,"column":8},"end":{"line":16,"column":47}},"11":{"start":{"line":19,"column":0},"end":{"line":21,"column":2}}},"fnMap":{"0":{"name":"(anonymous_0)","decl":{"start":{"line":3,"column":27},"end":{"line":3,"column":28}},"loc":{"start":{"line":3,"column":47},"end":{"line":18,"column":1}},"line":3}},"branchMap":{"0":{"loc":{"start":{"line":5,"column":4},"end":{"line":7,"column":5}},"type":"if","locations":[{"start":{"line":5,"column":4},"end":{"line":7,"column":5}},{"start":{},"end":{}}],"line":5},"1":{"loc":{"start":{"line":10,"column":8},"end":{"line":14,"column":9}},"type":"if","locations":[{"start":{"line":10,"column":8},"end":{"line":14,"column":9}},{"start":{"line":12,"column":15},"end":{"line":14,"column":9}}],"line":10}},"s":{"0":1,"1":1,"2":3,"3":3,"4":3,"5":3,"6":3,"7":2,"8":1,"9":1,"10":1,"11":1},"f":{"0":3},"b":{"0":[3,0],"1":[1,1]},"_coverageSchema":"1a1c01bbd47fc00a2c39e90264f33305004495a9","hash":"b84d0a2f95f7646f10f32adc850e5d0b99f89f78"}
,"/Users/andrea/Developer/GitHub/thesis-management-project/code/server/routes/controller/professor.js": {"path":"/Users/andrea/Developer/GitHub/thesis-management-project/code/server/routes/controller/professor.js","statementMap":{"0":{"start":{"line":1,"column":12},"end":{"line":1,"column":32}},"1":{"start":{"line":2,"column":15},"end":{"line":2,"column":37}},"2":{"start":{"line":4,"column":33},"end":{"line":22,"column":1}},"3":{"start":{"line":5,"column":4},"end":{"line":21,"column":5}},"4":{"start":{"line":6,"column":26},"end":{"line":6,"column":51}},"5":{"start":{"line":7,"column":8},"end":{"line":9,"column":9}},"6":{"start":{"line":8,"column":12},"end":{"line":8,"column":51}},"7":{"start":{"line":10,"column":26},"end":{"line":10,"column":50}},"8":{"start":{"line":11,"column":8},"end":{"line":18,"column":9}},"9":{"start":{"line":12,"column":12},"end":{"line":12,"column":51}},"10":{"start":{"line":14,"column":12},"end":{"line":17,"column":15}},"11":{"start":{"line":15,"column":47},"end":{"line":15,"column":102}},"12":{"start":{"line":16,"column":47},"end":{"line":16,"column":101}},"13":{"start":{"line":20,"column":8},"end":{"line":20,"column":49}},"14":{"start":{"line":24,"column":23},"end":{"line":35,"column":1}},"15":{"start":{"line":25,"column":4},"end":{"line":34,"column":5}},"16":{"start":{"line":26,"column":24},"end":{"line":26,"column":46}},"17":{"start":{"line":27,"column":8},"end":{"line":31,"column":9}},"18":{"start":{"line":28,"column":12},"end":{"line":28,"column":49}},"19":{"start":{"line":30,"column":12},"end":{"line":30,"column":49}},"20":{"start":{"line":33,"column":8},"end":{"line":33,"column":47}},"21":{"start":{"line":37,"column":26},"end":{"line":81,"column":1}},"22":{"start":{"line":38,"column":26},"end":{"line":38,"column":48}},"23":{"start":{"line":39,"column":21},"end":{"line":39,"column":40}},"24":{"start":{"line":40,"column":17},"end":{"line":40,"column":19}},"25":{"start":{"line":42,"column":4},"end":{"line":53,"column":5}},"26":{"start":{"line":43,"column":25},"end":{"line":43,"column":37}},"27":{"start":{"line":44,"column":8},"end":{"line":52,"column":9}},"28":{"start":{"line":45,"column":54},"end":{"line":45,"column":67}},"29":{"start":{"line":46,"column":12},"end":{"line":46,"column":47}},"30":{"start":{"line":47,"column":12},"end":{"line":47,"column":37}},"31":{"start":{"line":48,"column":26},"end":{"line":48,"column":62}},"32":{"start":{"line":49,"column":12},"end":{"line":51,"column":13}},"33":{"start":{"line":50,"column":16},"end":{"line":50,"column":35}},"34":{"start":{"line":54,"column":16},"end":{"line":54,"column":74}},"35":{"start":{"line":55,"column":4},"end":{"line":57,"column":5}},"36":{"start":{"line":56,"column":8},"end":{"line":56,"column":27}},"37":{"start":{"line":58,"column":19},"end":{"line":72,"column":5}},"38":{"start":{"line":74,"column":4},"end":{"line":80,"column":5}},"39":{"start":{"line":75,"column":23},"end":{"line":75,"column":58}},"40":{"start":{"line":76,"column":8},"end":{"line":76,"column":44}},"41":{"start":{"line":78,"column":8},"end":{"line":78,"column":47}},"42":{"start":{"line":85,"column":0},"end":{"line":89,"column":1}}},"fnMap":{"0":{"name":"(anonymous_0)","decl":{"start":{"line":4,"column":33},"end":{"line":4,"column":34}},"loc":{"start":{"line":4,"column":53},"end":{"line":22,"column":1}},"line":4},"1":{"name":"(anonymous_1)","decl":{"start":{"line":15,"column":42},"end":{"line":15,"column":43}},"loc":{"start":{"line":15,"column":47},"end":{"line":15,"column":102}},"line":15},"2":{"name":"(anonymous_2)","decl":{"start":{"line":16,"column":42},"end":{"line":16,"column":43}},"loc":{"start":{"line":16,"column":47},"end":{"line":16,"column":101}},"line":16},"3":{"name":"(anonymous_3)","decl":{"start":{"line":24,"column":23},"end":{"line":24,"column":24}},"loc":{"start":{"line":24,"column":42},"end":{"line":35,"column":1}},"line":24},"4":{"name":"(anonymous_4)","decl":{"start":{"line":37,"column":26},"end":{"line":37,"column":27}},"loc":{"start":{"line":37,"column":46},"end":{"line":81,"column":1}},"line":37}},"branchMap":{"0":{"loc":{"start":{"line":7,"column":8},"end":{"line":9,"column":9}},"type":"if","locations":[{"start":{"line":7,"column":8},"end":{"line":9,"column":9}},{"start":{},"end":{}}],"line":7},"1":{"loc":{"start":{"line":11,"column":8},"end":{"line":18,"column":9}},"type":"if","locations":[{"start":{"line":11,"column":8},"end":{"line":18,"column":9}},{"start":{"line":13,"column":15},"end":{"line":18,"column":9}}],"line":11},"2":{"loc":{"start":{"line":27,"column":8},"end":{"line":31,"column":9}},"type":"if","locations":[{"start":{"line":27,"column":8},"end":{"line":31,"column":9}},{"start":{"line":29,"column":15},"end":{"line":31,"column":9}}],"line":27},"3":{"loc":{"start":{"line":44,"column":8},"end":{"line":52,"column":9}},"type":"if","locations":[{"start":{"line":44,"column":8},"end":{"line":52,"column":9}},{"start":{},"end":{}}],"line":44},"4":{"loc":{"start":{"line":49,"column":12},"end":{"line":51,"column":13}},"type":"if","locations":[{"start":{"line":49,"column":12},"end":{"line":51,"column":13}},{"start":{},"end":{}}],"line":49},"5":{"loc":{"start":{"line":55,"column":4},"end":{"line":57,"column":5}},"type":"if","locations":[{"start":{"line":55,"column":4},"end":{"line":57,"column":5}},{"start":{},"end":{}}],"line":55}},"s":{"0":1,"1":1,"2":1,"3":1,"4":1,"5":1,"6":0,"7":1,"8":1,"9":0,"10":1,"11":1,"12":1,"13":0,"14":1,"15":1,"16":1,"17":1,"18":0,"19":1,"20":0,"21":1,"22":1,"23":1,"24":1,"25":1,"26":1,"27":1,"28":1,"29":1,"30":1,"31":1,"32":1,"33":1,"34":1,"35":1,"36":1,"37":1,"38":1,"39":1,"40":1,"41":0,"42":1},"f":{"0":1,"1":1,"2":1,"3":1,"4":1},"b":{"0":[0,1],"1":[0,1],"2":[0,1],"3":[1,0],"4":[1,0],"5":[1,0]},"_coverageSchema":"1a1c01bbd47fc00a2c39e90264f33305004495a9","hash":"47dc2345e33d526ee9e9d0bdfb944ee2cadc890c"}
,"/Users/andrea/Developer/GitHub/thesis-management-project/code/server/routes/controller/student.js": {"path":"/Users/andrea/Developer/GitHub/thesis-management-project/code/server/routes/controller/student.js","statementMap":{"0":{"start":{"line":1,"column":12},"end":{"line":1,"column":32}},"1":{"start":{"line":2,"column":14},"end":{"line":2,"column":30}},"2":{"start":{"line":4,"column":29},"end":{"line":19,"column":1}},"3":{"start":{"line":5,"column":22},"end":{"line":5,"column":40}},"4":{"start":{"line":6,"column":23},"end":{"line":6,"column":42}},"5":{"start":{"line":7,"column":22},"end":{"line":7,"column":59}},"6":{"start":{"line":8,"column":19},"end":{"line":8,"column":28}},"7":{"start":{"line":10,"column":4},"end":{"line":18,"column":5}},"8":{"start":{"line":11,"column":24},"end":{"line":11,"column":99}},"9":{"start":{"line":12,"column":8},"end":{"line":12,"column":45}},"10":{"start":{"line":14,"column":8},"end":{"line":16,"column":9}},"11":{"start":{"line":15,"column":12},"end":{"line":15,"column":85}},"12":{"start":{"line":17,"column":8},"end":{"line":17,"column":47}},"13":{"start":{"line":34,"column":1},"end":{"line":38,"column":3}}},"fnMap":{"0":{"name":"(anonymous_0)","decl":{"start":{"line":4,"column":29},"end":{"line":4,"column":30}},"loc":{"start":{"line":4,"column":49},"end":{"line":19,"column":1}},"line":4}},"branchMap":{"0":{"loc":{"start":{"line":14,"column":8},"end":{"line":16,"column":9}},"type":"if","locations":[{"start":{"line":14,"column":8},"end":{"line":16,"column":9}},{"start":{},"end":{}}],"line":14}},"s":{"0":1,"1":1,"2":1,"3":3,"4":3,"5":3,"6":3,"7":3,"8":3,"9":1,"10":2,"11":1,"12":2,"13":1},"f":{"0":3},"b":{"0":[1,1]},"_coverageSchema":"1a1c01bbd47fc00a2c39e90264f33305004495a9","hash":"a4fcb72237dd0ff4e215adf06b649950f84d7e81"}
}
