TN:
SF:dao.js
FN:10,(anonymous_0)
FN:11,(anonymous_1)
FN:16,(anonymous_2)
FN:27,(anonymous_3)
FN:28,(anonymous_4)
FN:34,(anonymous_5)
FN:46,(anonymous_6)
FN:65,(anonymous_7)
FN:66,(anonymous_8)
FN:95,(anonymous_9)
FN:96,(anonymous_10)
FN:101,(anonymous_11)
FN:107,(anonymous_12)
FN:120,(anonymous_13)
FN:121,(anonymous_14)
FN:126,(anonymous_15)
FN:132,(anonymous_16)
FN:144,(anonymous_17)
FN:145,(anonymous_18)
FN:150,(anonymous_19)
FN:156,(anonymous_20)
FN:164,(anonymous_21)
FN:165,(anonymous_22)
FN:170,(anonymous_23)
FN:184,(anonymous_24)
FN:185,(anonymous_25)
FN:192,(anonymous_26)
FN:203,(anonymous_27)
FN:204,(anonymous_28)
FN:209,(anonymous_29)
FN:223,(anonymous_30)
FN:225,(anonymous_31)
FN:230,(anonymous_32)
FN:237,(anonymous_33)
FN:242,(anonymous_34)
FN:266,(anonymous_35)
FN:268,(anonymous_36)
FN:273,(anonymous_37)
FN:280,(anonymous_38)
FN:285,(anonymous_39)
FN:309,(anonymous_40)
FN:310,(anonymous_41)
FN:317,(anonymous_42)
FN:328,(anonymous_43)
FN:329,(anonymous_44)
FN:334,(anonymous_45)
FNF:46
FNH:0
FNDA:0,(anonymous_0)
FNDA:0,(anonymous_1)
FNDA:0,(anonymous_2)
FNDA:0,(anonymous_3)
FNDA:0,(anonymous_4)
FNDA:0,(anonymous_5)
FNDA:0,(anonymous_6)
FNDA:0,(anonymous_7)
FNDA:0,(anonymous_8)
FNDA:0,(anonymous_9)
FNDA:0,(anonymous_10)
FNDA:0,(anonymous_11)
FNDA:0,(anonymous_12)
FNDA:0,(anonymous_13)
FNDA:0,(anonymous_14)
FNDA:0,(anonymous_15)
FNDA:0,(anonymous_16)
FNDA:0,(anonymous_17)
FNDA:0,(anonymous_18)
FNDA:0,(anonymous_19)
FNDA:0,(anonymous_20)
FNDA:0,(anonymous_21)
FNDA:0,(anonymous_22)
FNDA:0,(anonymous_23)
FNDA:0,(anonymous_24)
FNDA:0,(anonymous_25)
FNDA:0,(anonymous_26)
FNDA:0,(anonymous_27)
FNDA:0,(anonymous_28)
FNDA:0,(anonymous_29)
FNDA:0,(anonymous_30)
FNDA:0,(anonymous_31)
FNDA:0,(anonymous_32)
FNDA:0,(anonymous_33)
FNDA:0,(anonymous_34)
FNDA:0,(anonymous_35)
FNDA:0,(anonymous_36)
FNDA:0,(anonymous_37)
FNDA:0,(anonymous_38)
FNDA:0,(anonymous_39)
FNDA:0,(anonymous_40)
FNDA:0,(anonymous_41)
FNDA:0,(anonymous_42)
FNDA:0,(anonymous_43)
FNDA:0,(anonymous_44)
FNDA:0,(anonymous_45)
DA:1,3
DA:2,3
DA:3,3
DA:4,3
DA:6,3
DA:7,3
DA:10,3
DA:11,0
DA:12,0
DA:13,0
DA:17,0
DA:18,0
DA:20,0
DA:27,3
DA:28,0
DA:29,0
DA:31,0
DA:35,0
DA:36,0
DA:37,0
DA:38,0
DA:44,0
DA:46,0
DA:61,0
DA:64,0
DA:65,0
DA:66,0
DA:83,0
DA:84,0
DA:86,0
DA:95,3
DA:96,0
DA:97,0
DA:98,0
DA:102,0
DA:103,0
DA:104,0
DA:105,0
DA:107,0
DA:113,0
DA:120,3
DA:121,0
DA:122,0
DA:123,0
DA:127,0
DA:128,0
DA:129,0
DA:130,0
DA:132,0
DA:137,0
DA:144,3
DA:145,0
DA:146,0
DA:147,0
DA:151,0
DA:152,0
DA:153,0
DA:154,0
DA:156,0
DA:157,0
DA:164,3
DA:165,0
DA:166,0
DA:167,0
DA:171,0
DA:172,0
DA:173,0
DA:174,0
DA:176,0
DA:184,3
DA:185,0
DA:186,0
DA:189,0
DA:193,0
DA:194,0
DA:196,0
DA:203,3
DA:204,0
DA:205,0
DA:206,0
DA:210,0
DA:211,0
DA:213,0
DA:223,3
DA:224,0
DA:225,0
DA:226,0
DA:227,0
DA:231,0
DA:232,0
DA:233,0
DA:234,0
DA:236,0
DA:238,0
DA:239,0
DA:240,0
DA:243,0
DA:259,0
DA:266,3
DA:267,0
DA:268,0
DA:269,0
DA:270,0
DA:274,0
DA:275,0
DA:276,0
DA:277,0
DA:279,0
DA:281,0
DA:282,0
DA:283,0
DA:286,0
DA:302,0
DA:309,3
DA:310,0
DA:311,0
DA:314,0
DA:318,0
DA:319,0
DA:321,0
DA:328,3
DA:329,0
DA:330,0
DA:331,0
DA:335,0
DA:336,0
DA:338,0
LF:127
LH:18
BRDA:17,0,0,0
BRDA:17,0,1,0
BRDA:35,1,0,0
BRDA:35,1,1,0
BRDA:37,2,0,0
BRDA:37,2,1,0
BRDA:39,3,0,0
BRDA:39,3,1,0
BRDA:44,4,0,0
BRDA:44,4,1,0
BRDA:83,5,0,0
BRDA:83,5,1,0
BRDA:102,6,0,0
BRDA:102,6,1,0
BRDA:104,7,0,0
BRDA:104,7,1,0
BRDA:127,8,0,0
BRDA:127,8,1,0
BRDA:129,9,0,0
BRDA:129,9,1,0
BRDA:151,10,0,0
BRDA:151,10,1,0
BRDA:153,11,0,0
BRDA:153,11,1,0
BRDA:171,12,0,0
BRDA:171,12,1,0
BRDA:173,13,0,0
BRDA:173,13,1,0
BRDA:193,14,0,0
BRDA:193,14,1,0
BRDA:210,15,0,0
BRDA:210,15,1,0
BRDA:231,16,0,0
BRDA:231,16,1,0
BRDA:233,17,0,0
BRDA:233,17,1,0
BRDA:239,18,0,0
BRDA:239,18,1,0
BRDA:274,19,0,0
BRDA:274,19,1,0
BRDA:276,20,0,0
BRDA:276,20,1,0
BRDA:282,21,0,0
BRDA:282,21,1,0
BRDA:318,22,0,0
BRDA:318,22,1,0
BRDA:335,23,0,0
BRDA:335,23,1,0
BRF:48
BRH:0
end_of_record
TN:
SF:db.js
FN:10,(anonymous_0)
FN:17,(anonymous_1)
FN:18,(anonymous_2)
FNF:3
FNH:0
FNDA:0,(anonymous_0)
FNDA:0,(anonymous_1)
FNDA:0,(anonymous_2)
DA:2,3
DA:3,3
DA:7,3
DA:10,3
DA:11,0
DA:12,0
DA:14,0
DA:16,0
DA:17,0
DA:18,0
DA:19,0
DA:20,0
DA:26,3
LF:13
LH:5
BRDA:7,0,0,3
BRDA:7,0,1,0
BRDA:11,1,0,0
BRDA:11,1,1,0
BRDA:14,2,0,0
BRDA:14,2,1,0
BRDA:19,3,0,0
BRDA:19,3,1,0
BRF:8
BRH:1
end_of_record
TN:
SF:model.js
FN:3,ThesisProposal
FNF:1
FNH:1
FNDA:1,ThesisProposal
DA:4,1
DA:5,1
DA:6,1
DA:7,1
DA:8,1
DA:9,1
DA:10,1
DA:11,1
DA:12,1
DA:13,1
DA:14,1
DA:15,1
DA:16,1
DA:19,1
LF:14
LH:14
BRF:0
BRH:0
end_of_record
TN:
SF:routes/controller/general.js
FN:3,(anonymous_0)
FNF:1
FNH:1
FNDA:3,(anonymous_0)
DA:1,1
DA:3,1
DA:4,3
DA:5,3
DA:6,3
DA:8,3
DA:9,3
DA:10,2
DA:11,1
DA:13,1
DA:16,1
DA:19,1
LF:12
LH:12
BRDA:5,0,0,3
BRDA:5,0,1,0
BRDA:10,1,0,1
BRDA:10,1,1,1
BRF:4
BRH:3
end_of_record
TN:
SF:routes/controller/professor.js
FN:4,(anonymous_0)
FN:15,(anonymous_1)
FN:16,(anonymous_2)
FN:24,(anonymous_3)
FN:37,(anonymous_4)
FNF:5
FNH:5
FNDA:1,(anonymous_0)
FNDA:1,(anonymous_1)
FNDA:1,(anonymous_2)
FNDA:1,(anonymous_3)
FNDA:1,(anonymous_4)
DA:1,1
DA:2,1
DA:4,1
DA:5,1
DA:6,1
DA:7,1
DA:8,0
DA:10,1
DA:11,1
DA:12,0
DA:14,1
DA:15,1
DA:16,1
DA:20,0
DA:24,1
DA:25,1
DA:26,1
DA:27,1
DA:28,0
DA:30,1
DA:33,0
DA:37,1
DA:38,1
DA:39,1
DA:40,1
DA:42,1
DA:43,1
DA:44,1
DA:45,1
DA:46,1
DA:47,1
DA:48,1
DA:49,1
DA:50,1
DA:54,1
DA:55,1
DA:56,1
DA:58,1
DA:74,1
DA:75,1
DA:76,1
DA:78,0
DA:85,1
LF:43
LH:37
BRDA:7,0,0,0
BRDA:7,0,1,1
BRDA:11,1,0,0
BRDA:11,1,1,1
BRDA:27,2,0,0
BRDA:27,2,1,1
BRDA:44,3,0,1
BRDA:44,3,1,0
BRDA:49,4,0,1
BRDA:49,4,1,0
BRDA:55,5,0,1
BRDA:55,5,1,0
BRF:12
BRH:6
end_of_record
TN:
SF:routes/controller/student.js
FN:4,(anonymous_0)
FNF:1
FNH:1
FNDA:3,(anonymous_0)
DA:1,1
DA:2,1
DA:4,1
DA:5,3
DA:6,3
DA:7,3
DA:8,3
DA:10,3
DA:11,3
DA:12,1
DA:14,2
DA:15,1
DA:17,2
DA:34,1
LF:14
LH:14
BRDA:14,0,0,1
BRDA:14,0,1,1
BRF:2
BRH:2
end_of_record
