{"C:\\Users\\Utente\\Desktop\\Magistrale\\Softeng2\\TMP-Project2\\thesis-management-project\\code\\server\\dao.js": {"path":"C:\\Users\\Utente\\Desktop\\Magistrale\\Softeng2\\TMP-Project2\\thesis-management-project\\code\\server\\dao.js","statementMap":{"0":{"start":{"line":1,"column":11},"end":{"line":1,"column":26}},"1":{"start":{"line":2,"column":14},"end":{"line":2,"column":30}},"2":{"start":{"line":3,"column":26},"end":{"line":3,"column":67}},"3":{"start":{"line":4,"column":20},"end":{"line":4,"column":57}},"4":{"start":{"line":5,"column":72},"end":{"line":5,"column":90}},"5":{"start":{"line":7,"column":0},"end":{"line":7,"column":32}},"6":{"start":{"line":8,"column":0},"end":{"line":8,"column":28}},"7":{"start":{"line":11,"column":0},"end":{"line":26,"column":1}},"8":{"start":{"line":12,"column":2},"end":{"line":25,"column":5}},"9":{"start":{"line":13,"column":16},"end":{"line":13,"column":112}},"10":{"start":{"line":14,"column":4},"end":{"line":24,"column":6}},"11":{"start":{"line":18,"column":8},"end":{"line":22,"column":9}},"12":{"start":{"line":19,"column":10},"end":{"line":19,"column":22}},"13":{"start":{"line":21,"column":10},"end":{"line":21,"column":32}},"14":{"start":{"line":28,"column":0},"end":{"line":93,"column":2}},"15":{"start":{"line":29,"column":2},"end":{"line":92,"column":5}},"16":{"start":{"line":30,"column":16},"end":{"line":30,"column":48}},"17":{"start":{"line":32,"column":4},"end":{"line":91,"column":9}},"18":{"start":{"line":36,"column":8},"end":{"line":90,"column":9}},"19":{"start":{"line":37,"column":10},"end":{"line":37,"column":22}},"20":{"start":{"line":38,"column":15},"end":{"line":90,"column":9}},"21":{"start":{"line":39,"column":10},"end":{"line":43,"column":12}},"22":{"start":{"line":45,"column":10},"end":{"line":89,"column":11}},"23":{"start":{"line":47,"column":30},"end":{"line":61,"column":15}},"24":{"start":{"line":47,"column":49},"end":{"line":61,"column":13}},"25":{"start":{"line":62,"column":12},"end":{"line":62,"column":31}},"26":{"start":{"line":65,"column":30},"end":{"line":82,"column":16}},"27":{"start":{"line":66,"column":27},"end":{"line":66,"column":56}},"28":{"start":{"line":67,"column":29},"end":{"line":81,"column":15}},"29":{"start":{"line":84,"column":12},"end":{"line":88,"column":13}},"30":{"start":{"line":85,"column":14},"end":{"line":85,"column":90}},"31":{"start":{"line":87,"column":14},"end":{"line":87,"column":33}},"32":{"start":{"line":95,"column":0},"end":{"line":123,"column":2}},"33":{"start":{"line":96,"column":2},"end":{"line":122,"column":5}},"34":{"start":{"line":97,"column":16},"end":{"line":97,"column":52}},"35":{"start":{"line":98,"column":4},"end":{"line":121,"column":9}},"36":{"start":{"line":102,"column":8},"end":{"line":120,"column":9}},"37":{"start":{"line":103,"column":10},"end":{"line":103,"column":22}},"38":{"start":{"line":104,"column":15},"end":{"line":120,"column":9}},"39":{"start":{"line":105,"column":10},"end":{"line":107,"column":12}},"40":{"start":{"line":109,"column":26},"end":{"line":118,"column":11}},"41":{"start":{"line":119,"column":10},"end":{"line":119,"column":27}},"42":{"start":{"line":125,"column":0},"end":{"line":147,"column":1}},"43":{"start":{"line":126,"column":2},"end":{"line":146,"column":5}},"44":{"start":{"line":127,"column":16},"end":{"line":127,"column":62}},"45":{"start":{"line":128,"column":4},"end":{"line":145,"column":7}},"46":{"start":{"line":132,"column":8},"end":{"line":144,"column":9}},"47":{"start":{"line":133,"column":10},"end":{"line":133,"column":22}},"48":{"start":{"line":135,"column":10},"end":{"line":143,"column":11}},"49":{"start":{"line":136,"column":12},"end":{"line":136,"column":93}},"50":{"start":{"line":138,"column":33},"end":{"line":140,"column":14}},"51":{"start":{"line":139,"column":14},"end":{"line":139,"column":100}},"52":{"start":{"line":141,"column":12},"end":{"line":141,"column":38}},"53":{"start":{"line":142,"column":12},"end":{"line":142,"column":34}},"54":{"start":{"line":150,"column":0},"end":{"line":173,"column":1}},"55":{"start":{"line":151,"column":2},"end":{"line":172,"column":5}},"56":{"start":{"line":152,"column":16},"end":{"line":152,"column":73}},"57":{"start":{"line":153,"column":4},"end":{"line":171,"column":6}},"58":{"start":{"line":157,"column":8},"end":{"line":169,"column":9}},"59":{"start":{"line":158,"column":10},"end":{"line":158,"column":22}},"60":{"start":{"line":159,"column":15},"end":{"line":169,"column":9}},"61":{"start":{"line":160,"column":10},"end":{"line":160,"column":90}},"62":{"start":{"line":162,"column":28},"end":{"line":167,"column":13}},"63":{"start":{"line":162,"column":45},"end":{"line":167,"column":11}},"64":{"start":{"line":168,"column":10},"end":{"line":168,"column":29}},"65":{"start":{"line":175,"column":0},"end":{"line":197,"column":1}},"66":{"start":{"line":176,"column":2},"end":{"line":196,"column":5}},"67":{"start":{"line":177,"column":16},"end":{"line":177,"column":75}},"68":{"start":{"line":178,"column":4},"end":{"line":195,"column":6}},"69":{"start":{"line":182,"column":8},"end":{"line":193,"column":9}},"70":{"start":{"line":183,"column":10},"end":{"line":183,"column":22}},"71":{"start":{"line":184,"column":15},"end":{"line":193,"column":9}},"72":{"start":{"line":185,"column":10},"end":{"line":185,"column":90}},"73":{"start":{"line":187,"column":28},"end":{"line":191,"column":13}},"74":{"start":{"line":187,"column":45},"end":{"line":191,"column":11}},"75":{"start":{"line":192,"column":10},"end":{"line":192,"column":29}},"76":{"start":{"line":199,"column":0},"end":{"line":217,"column":1}},"77":{"start":{"line":200,"column":2},"end":{"line":216,"column":5}},"78":{"start":{"line":201,"column":16},"end":{"line":201,"column":63}},"79":{"start":{"line":202,"column":4},"end":{"line":215,"column":6}},"80":{"start":{"line":206,"column":8},"end":{"line":213,"column":9}},"81":{"start":{"line":207,"column":10},"end":{"line":207,"column":22}},"82":{"start":{"line":208,"column":15},"end":{"line":213,"column":9}},"83":{"start":{"line":209,"column":10},"end":{"line":209,"column":71}},"84":{"start":{"line":211,"column":26},"end":{"line":211,"column":88}},"85":{"start":{"line":211,"column":45},"end":{"line":211,"column":86}},"86":{"start":{"line":212,"column":10},"end":{"line":212,"column":27}},"87":{"start":{"line":219,"column":0},"end":{"line":236,"column":1}},"88":{"start":{"line":220,"column":2},"end":{"line":235,"column":5}},"89":{"start":{"line":221,"column":16},"end":{"line":221,"column":60}},"90":{"start":{"line":222,"column":4},"end":{"line":234,"column":5}},"91":{"start":{"line":226,"column":8},"end":{"line":232,"column":9}},"92":{"start":{"line":227,"column":10},"end":{"line":227,"column":22}},"93":{"start":{"line":228,"column":15},"end":{"line":232,"column":9}},"94":{"start":{"line":229,"column":10},"end":{"line":229,"column":85}},"95":{"start":{"line":231,"column":10},"end":{"line":231,"column":34}},"96":{"start":{"line":239,"column":0},"end":{"line":256,"column":1}},"97":{"start":{"line":240,"column":2},"end":{"line":255,"column":5}},"98":{"start":{"line":241,"column":16},"end":{"line":243,"column":40}},"99":{"start":{"line":244,"column":4},"end":{"line":254,"column":6}},"100":{"start":{"line":248,"column":8},"end":{"line":252,"column":9}},"101":{"start":{"line":249,"column":10},"end":{"line":249,"column":22}},"102":{"start":{"line":251,"column":10},"end":{"line":251,"column":31}},"103":{"start":{"line":258,"column":0},"end":{"line":273,"column":1}},"104":{"start":{"line":259,"column":2},"end":{"line":272,"column":5}},"105":{"start":{"line":260,"column":16},"end":{"line":260,"column":57}},"106":{"start":{"line":261,"column":4},"end":{"line":271,"column":5}},"107":{"start":{"line":265,"column":8},"end":{"line":269,"column":9}},"108":{"start":{"line":266,"column":10},"end":{"line":266,"column":22}},"109":{"start":{"line":268,"column":10},"end":{"line":268,"column":32}},"110":{"start":{"line":275,"column":0},"end":{"line":299,"column":2}},"111":{"start":{"line":276,"column":2},"end":{"line":276,"column":44}},"112":{"start":{"line":277,"column":2},"end":{"line":298,"column":5}},"113":{"start":{"line":278,"column":16},"end":{"line":278,"column":115}},"114":{"start":{"line":280,"column":4},"end":{"line":297,"column":6}},"115":{"start":{"line":284,"column":8},"end":{"line":295,"column":9}},"116":{"start":{"line":285,"column":10},"end":{"line":285,"column":22}},"117":{"start":{"line":286,"column":15},"end":{"line":295,"column":9}},"118":{"start":{"line":287,"column":10},"end":{"line":287,"column":77}},"119":{"start":{"line":290,"column":37},"end":{"line":293,"column":11}},"120":{"start":{"line":294,"column":10},"end":{"line":294,"column":38}},"121":{"start":{"line":302,"column":0},"end":{"line":324,"column":2}},"122":{"start":{"line":303,"column":2},"end":{"line":323,"column":5}},"123":{"start":{"line":304,"column":16},"end":{"line":304,"column":116}},"124":{"start":{"line":306,"column":4},"end":{"line":322,"column":6}},"125":{"start":{"line":310,"column":8},"end":{"line":320,"column":9}},"126":{"start":{"line":311,"column":10},"end":{"line":311,"column":22}},"127":{"start":{"line":312,"column":15},"end":{"line":320,"column":9}},"128":{"start":{"line":313,"column":10},"end":{"line":313,"column":78}},"129":{"start":{"line":315,"column":37},"end":{"line":318,"column":11}},"130":{"start":{"line":319,"column":10},"end":{"line":319,"column":38}},"131":{"start":{"line":326,"column":0},"end":{"line":349,"column":2}},"132":{"start":{"line":327,"column":2},"end":{"line":348,"column":5}},"133":{"start":{"line":328,"column":16},"end":{"line":328,"column":99}},"134":{"start":{"line":330,"column":4},"end":{"line":347,"column":6}},"135":{"start":{"line":334,"column":8},"end":{"line":345,"column":9}},"136":{"start":{"line":335,"column":10},"end":{"line":335,"column":22}},"137":{"start":{"line":336,"column":15},"end":{"line":345,"column":9}},"138":{"start":{"line":337,"column":10},"end":{"line":337,"column":77}},"139":{"start":{"line":340,"column":37},"end":{"line":343,"column":11}},"140":{"start":{"line":344,"column":10},"end":{"line":344,"column":38}},"141":{"start":{"line":351,"column":0},"end":{"line":374,"column":2}},"142":{"start":{"line":352,"column":2},"end":{"line":373,"column":5}},"143":{"start":{"line":353,"column":16},"end":{"line":353,"column":100}},"144":{"start":{"line":355,"column":4},"end":{"line":372,"column":6}},"145":{"start":{"line":359,"column":8},"end":{"line":370,"column":9}},"146":{"start":{"line":360,"column":10},"end":{"line":360,"column":22}},"147":{"start":{"line":361,"column":15},"end":{"line":370,"column":9}},"148":{"start":{"line":362,"column":10},"end":{"line":362,"column":77}},"149":{"start":{"line":365,"column":37},"end":{"line":368,"column":11}},"150":{"start":{"line":369,"column":10},"end":{"line":369,"column":38}},"151":{"start":{"line":375,"column":0},"end":{"line":395,"column":1}},"152":{"start":{"line":376,"column":2},"end":{"line":394,"column":5}},"153":{"start":{"line":377,"column":16},"end":{"line":377,"column":62}},"154":{"start":{"line":378,"column":4},"end":{"line":393,"column":6}},"155":{"start":{"line":382,"column":8},"end":{"line":391,"column":9}},"156":{"start":{"line":383,"column":10},"end":{"line":383,"column":22}},"157":{"start":{"line":384,"column":15},"end":{"line":391,"column":9}},"158":{"start":{"line":385,"column":10},"end":{"line":385,"column":94}},"159":{"start":{"line":387,"column":31},"end":{"line":389,"column":12}},"160":{"start":{"line":388,"column":12},"end":{"line":388,"column":98}},"161":{"start":{"line":390,"column":10},"end":{"line":390,"column":32}},"162":{"start":{"line":397,"column":0},"end":{"line":432,"column":2}},"163":{"start":{"line":398,"column":2},"end":{"line":431,"column":5}},"164":{"start":{"line":399,"column":16},"end":{"line":399,"column":60}},"165":{"start":{"line":401,"column":4},"end":{"line":430,"column":9}},"166":{"start":{"line":405,"column":8},"end":{"line":429,"column":9}},"167":{"start":{"line":406,"column":10},"end":{"line":406,"column":22}},"168":{"start":{"line":407,"column":15},"end":{"line":429,"column":9}},"169":{"start":{"line":408,"column":10},"end":{"line":410,"column":12}},"170":{"start":{"line":412,"column":27},"end":{"line":426,"column":11}},"171":{"start":{"line":428,"column":10},"end":{"line":428,"column":28}},"172":{"start":{"line":434,"column":0},"end":{"line":460,"column":2}},"173":{"start":{"line":435,"column":2},"end":{"line":459,"column":5}},"174":{"start":{"line":436,"column":16},"end":{"line":436,"column":52}},"175":{"start":{"line":437,"column":4},"end":{"line":458,"column":9}},"176":{"start":{"line":441,"column":8},"end":{"line":457,"column":9}},"177":{"start":{"line":442,"column":10},"end":{"line":442,"column":22}},"178":{"start":{"line":443,"column":15},"end":{"line":457,"column":9}},"179":{"start":{"line":444,"column":10},"end":{"line":446,"column":12}},"180":{"start":{"line":448,"column":26},"end":{"line":455,"column":11}},"181":{"start":{"line":456,"column":10},"end":{"line":456,"column":27}},"182":{"start":{"line":463,"column":0},"end":{"line":504,"column":1}},"183":{"start":{"line":464,"column":13},"end":{"line":464,"column":51}},"184":{"start":{"line":465,"column":2},"end":{"line":503,"column":5}},"185":{"start":{"line":466,"column":16},"end":{"line":466,"column":48}},"186":{"start":{"line":467,"column":4},"end":{"line":502,"column":5}},"187":{"start":{"line":471,"column":8},"end":{"line":500,"column":9}},"188":{"start":{"line":472,"column":10},"end":{"line":472,"column":21}},"189":{"start":{"line":473,"column":15},"end":{"line":500,"column":9}},"190":{"start":{"line":474,"column":10},"end":{"line":474,"column":78}},"191":{"start":{"line":476,"column":28},"end":{"line":498,"column":14}},"192":{"start":{"line":478,"column":26},"end":{"line":478,"column":59}},"193":{"start":{"line":479,"column":14},"end":{"line":480,"column":25}},"194":{"start":{"line":480,"column":16},"end":{"line":480,"column":25}},"195":{"start":{"line":483,"column":14},"end":{"line":497,"column":15}},"196":{"start":{"line":499,"column":10},"end":{"line":499,"column":29}},"197":{"start":{"line":506,"column":0},"end":{"line":547,"column":1}},"198":{"start":{"line":507,"column":13},"end":{"line":507,"column":51}},"199":{"start":{"line":508,"column":2},"end":{"line":546,"column":5}},"200":{"start":{"line":509,"column":16},"end":{"line":509,"column":57}},"201":{"start":{"line":510,"column":4},"end":{"line":545,"column":5}},"202":{"start":{"line":514,"column":8},"end":{"line":543,"column":9}},"203":{"start":{"line":515,"column":10},"end":{"line":515,"column":21}},"204":{"start":{"line":516,"column":15},"end":{"line":543,"column":9}},"205":{"start":{"line":517,"column":10},"end":{"line":517,"column":87}},"206":{"start":{"line":519,"column":28},"end":{"line":541,"column":14}},"207":{"start":{"line":521,"column":26},"end":{"line":521,"column":59}},"208":{"start":{"line":522,"column":14},"end":{"line":523,"column":25}},"209":{"start":{"line":523,"column":16},"end":{"line":523,"column":25}},"210":{"start":{"line":526,"column":14},"end":{"line":540,"column":15}},"211":{"start":{"line":542,"column":10},"end":{"line":542,"column":29}},"212":{"start":{"line":549,"column":0},"end":{"line":566,"column":1}},"213":{"start":{"line":550,"column":2},"end":{"line":565,"column":5}},"214":{"start":{"line":551,"column":16},"end":{"line":553,"column":40}},"215":{"start":{"line":554,"column":4},"end":{"line":564,"column":6}},"216":{"start":{"line":558,"column":8},"end":{"line":562,"column":9}},"217":{"start":{"line":559,"column":10},"end":{"line":559,"column":22}},"218":{"start":{"line":561,"column":10},"end":{"line":561,"column":31}},"219":{"start":{"line":568,"column":0},"end":{"line":583,"column":1}},"220":{"start":{"line":569,"column":2},"end":{"line":582,"column":5}},"221":{"start":{"line":570,"column":16},"end":{"line":570,"column":66}},"222":{"start":{"line":571,"column":4},"end":{"line":581,"column":5}},"223":{"start":{"line":575,"column":8},"end":{"line":579,"column":9}},"224":{"start":{"line":576,"column":10},"end":{"line":576,"column":22}},"225":{"start":{"line":578,"column":10},"end":{"line":578,"column":32}}},"fnMap":{"0":{"name":"(anonymous_0)","decl":{"start":{"line":11,"column":34},"end":{"line":11,"column":35}},"loc":{"start":{"line":11,"column":89},"end":{"line":26,"column":1}},"line":11},"1":{"name":"(anonymous_1)","decl":{"start":{"line":12,"column":21},"end":{"line":12,"column":22}},"loc":{"start":{"line":12,"column":42},"end":{"line":25,"column":3}},"line":12},"2":{"name":"(anonymous_2)","decl":{"start":{"line":17,"column":6},"end":{"line":17,"column":7}},"loc":{"start":{"line":17,"column":21},"end":{"line":23,"column":7}},"line":17},"3":{"name":"(anonymous_3)","decl":{"start":{"line":28,"column":29},"end":{"line":28,"column":30}},"loc":{"start":{"line":28,"column":42},"end":{"line":93,"column":1}},"line":28},"4":{"name":"(anonymous_4)","decl":{"start":{"line":29,"column":21},"end":{"line":29,"column":22}},"loc":{"start":{"line":29,"column":42},"end":{"line":92,"column":3}},"line":29},"5":{"name":"(anonymous_5)","decl":{"start":{"line":35,"column":6},"end":{"line":35,"column":7}},"loc":{"start":{"line":35,"column":21},"end":{"line":91,"column":7}},"line":35},"6":{"name":"(anonymous_6)","decl":{"start":{"line":47,"column":39},"end":{"line":47,"column":40}},"loc":{"start":{"line":47,"column":49},"end":{"line":61,"column":13}},"line":47},"7":{"name":"(anonymous_7)","decl":{"start":{"line":66,"column":22},"end":{"line":66,"column":23}},"loc":{"start":{"line":66,"column":27},"end":{"line":66,"column":56}},"line":66},"8":{"name":"(anonymous_8)","decl":{"start":{"line":67,"column":19},"end":{"line":67,"column":20}},"loc":{"start":{"line":67,"column":29},"end":{"line":81,"column":15}},"line":67},"9":{"name":"(anonymous_9)","decl":{"start":{"line":95,"column":25},"end":{"line":95,"column":26}},"loc":{"start":{"line":95,"column":40},"end":{"line":123,"column":1}},"line":95},"10":{"name":"(anonymous_10)","decl":{"start":{"line":96,"column":21},"end":{"line":96,"column":22}},"loc":{"start":{"line":96,"column":42},"end":{"line":122,"column":3}},"line":96},"11":{"name":"(anonymous_11)","decl":{"start":{"line":101,"column":6},"end":{"line":101,"column":7}},"loc":{"start":{"line":101,"column":21},"end":{"line":121,"column":7}},"line":101},"12":{"name":"(anonymous_12)","decl":{"start":{"line":125,"column":36},"end":{"line":125,"column":37}},"loc":{"start":{"line":125,"column":51},"end":{"line":147,"column":1}},"line":125},"13":{"name":"(anonymous_13)","decl":{"start":{"line":126,"column":21},"end":{"line":126,"column":22}},"loc":{"start":{"line":126,"column":42},"end":{"line":146,"column":3}},"line":126},"14":{"name":"(anonymous_14)","decl":{"start":{"line":131,"column":6},"end":{"line":131,"column":7}},"loc":{"start":{"line":131,"column":20},"end":{"line":145,"column":5}},"line":131},"15":{"name":"(anonymous_15)","decl":{"start":{"line":138,"column":42},"end":{"line":138,"column":43}},"loc":{"start":{"line":139,"column":14},"end":{"line":139,"column":100}},"line":139},"16":{"name":"(anonymous_16)","decl":{"start":{"line":150,"column":24},"end":{"line":150,"column":25}},"loc":{"start":{"line":150,"column":30},"end":{"line":173,"column":1}},"line":150},"17":{"name":"(anonymous_17)","decl":{"start":{"line":151,"column":21},"end":{"line":151,"column":22}},"loc":{"start":{"line":151,"column":42},"end":{"line":172,"column":3}},"line":151},"18":{"name":"(anonymous_18)","decl":{"start":{"line":156,"column":6},"end":{"line":156,"column":7}},"loc":{"start":{"line":156,"column":21},"end":{"line":170,"column":7}},"line":156},"19":{"name":"(anonymous_19)","decl":{"start":{"line":162,"column":37},"end":{"line":162,"column":38}},"loc":{"start":{"line":162,"column":45},"end":{"line":167,"column":11}},"line":162},"20":{"name":"(anonymous_20)","decl":{"start":{"line":175,"column":23},"end":{"line":175,"column":24}},"loc":{"start":{"line":175,"column":29},"end":{"line":197,"column":1}},"line":175},"21":{"name":"(anonymous_21)","decl":{"start":{"line":176,"column":21},"end":{"line":176,"column":22}},"loc":{"start":{"line":176,"column":42},"end":{"line":196,"column":3}},"line":176},"22":{"name":"(anonymous_22)","decl":{"start":{"line":181,"column":6},"end":{"line":181,"column":7}},"loc":{"start":{"line":181,"column":21},"end":{"line":194,"column":7}},"line":181},"23":{"name":"(anonymous_23)","decl":{"start":{"line":187,"column":37},"end":{"line":187,"column":38}},"loc":{"start":{"line":187,"column":45},"end":{"line":191,"column":11}},"line":187},"24":{"name":"(anonymous_24)","decl":{"start":{"line":199,"column":21},"end":{"line":199,"column":22}},"loc":{"start":{"line":199,"column":27},"end":{"line":217,"column":1}},"line":199},"25":{"name":"(anonymous_25)","decl":{"start":{"line":200,"column":21},"end":{"line":200,"column":22}},"loc":{"start":{"line":200,"column":42},"end":{"line":216,"column":3}},"line":200},"26":{"name":"(anonymous_26)","decl":{"start":{"line":205,"column":6},"end":{"line":205,"column":7}},"loc":{"start":{"line":205,"column":21},"end":{"line":214,"column":7}},"line":205},"27":{"name":"(anonymous_27)","decl":{"start":{"line":211,"column":35},"end":{"line":211,"column":36}},"loc":{"start":{"line":211,"column":45},"end":{"line":211,"column":86}},"line":211},"28":{"name":"(anonymous_28)","decl":{"start":{"line":219,"column":33},"end":{"line":219,"column":34}},"loc":{"start":{"line":219,"column":41},"end":{"line":236,"column":1}},"line":219},"29":{"name":"(anonymous_29)","decl":{"start":{"line":220,"column":21},"end":{"line":220,"column":22}},"loc":{"start":{"line":220,"column":42},"end":{"line":235,"column":3}},"line":220},"30":{"name":"(anonymous_30)","decl":{"start":{"line":225,"column":6},"end":{"line":225,"column":7}},"loc":{"start":{"line":225,"column":20},"end":{"line":233,"column":7}},"line":225},"31":{"name":"(anonymous_31)","decl":{"start":{"line":239,"column":26},"end":{"line":239,"column":27}},"loc":{"start":{"line":239,"column":40},"end":{"line":256,"column":1}},"line":239},"32":{"name":"(anonymous_32)","decl":{"start":{"line":240,"column":21},"end":{"line":240,"column":22}},"loc":{"start":{"line":240,"column":42},"end":{"line":255,"column":3}},"line":240},"33":{"name":"(anonymous_33)","decl":{"start":{"line":247,"column":6},"end":{"line":247,"column":7}},"loc":{"start":{"line":247,"column":21},"end":{"line":253,"column":7}},"line":247},"34":{"name":"(anonymous_34)","decl":{"start":{"line":258,"column":25},"end":{"line":258,"column":26}},"loc":{"start":{"line":258,"column":41},"end":{"line":273,"column":1}},"line":258},"35":{"name":"(anonymous_35)","decl":{"start":{"line":259,"column":21},"end":{"line":259,"column":22}},"loc":{"start":{"line":259,"column":42},"end":{"line":272,"column":3}},"line":259},"36":{"name":"(anonymous_36)","decl":{"start":{"line":264,"column":6},"end":{"line":264,"column":7}},"loc":{"start":{"line":264,"column":21},"end":{"line":270,"column":7}},"line":264},"37":{"name":"(anonymous_37)","decl":{"start":{"line":275,"column":28},"end":{"line":275,"column":29}},"loc":{"start":{"line":275,"column":63},"end":{"line":299,"column":1}},"line":275},"38":{"name":"(anonymous_38)","decl":{"start":{"line":277,"column":21},"end":{"line":277,"column":22}},"loc":{"start":{"line":277,"column":42},"end":{"line":298,"column":3}},"line":277},"39":{"name":"(anonymous_39)","decl":{"start":{"line":283,"column":6},"end":{"line":283,"column":7}},"loc":{"start":{"line":283,"column":21},"end":{"line":296,"column":7}},"line":283},"40":{"name":"(anonymous_40)","decl":{"start":{"line":302,"column":28},"end":{"line":302,"column":29}},"loc":{"start":{"line":302,"column":63},"end":{"line":324,"column":1}},"line":302},"41":{"name":"(anonymous_41)","decl":{"start":{"line":303,"column":21},"end":{"line":303,"column":22}},"loc":{"start":{"line":303,"column":42},"end":{"line":323,"column":3}},"line":303},"42":{"name":"(anonymous_42)","decl":{"start":{"line":309,"column":6},"end":{"line":309,"column":7}},"loc":{"start":{"line":309,"column":21},"end":{"line":321,"column":7}},"line":309},"43":{"name":"(anonymous_43)","decl":{"start":{"line":326,"column":47},"end":{"line":326,"column":48}},"loc":{"start":{"line":326,"column":72},"end":{"line":349,"column":1}},"line":326},"44":{"name":"(anonymous_44)","decl":{"start":{"line":327,"column":21},"end":{"line":327,"column":22}},"loc":{"start":{"line":327,"column":42},"end":{"line":348,"column":3}},"line":327},"45":{"name":"(anonymous_45)","decl":{"start":{"line":333,"column":6},"end":{"line":333,"column":7}},"loc":{"start":{"line":333,"column":21},"end":{"line":346,"column":7}},"line":333},"46":{"name":"(anonymous_46)","decl":{"start":{"line":351,"column":46},"end":{"line":351,"column":47}},"loc":{"start":{"line":351,"column":72},"end":{"line":374,"column":1}},"line":351},"47":{"name":"(anonymous_47)","decl":{"start":{"line":352,"column":21},"end":{"line":352,"column":22}},"loc":{"start":{"line":352,"column":42},"end":{"line":373,"column":3}},"line":352},"48":{"name":"(anonymous_48)","decl":{"start":{"line":358,"column":6},"end":{"line":358,"column":7}},"loc":{"start":{"line":358,"column":21},"end":{"line":371,"column":7}},"line":358},"49":{"name":"(anonymous_49)","decl":{"start":{"line":375,"column":35},"end":{"line":375,"column":36}},"loc":{"start":{"line":375,"column":52},"end":{"line":395,"column":1}},"line":375},"50":{"name":"(anonymous_50)","decl":{"start":{"line":376,"column":21},"end":{"line":376,"column":22}},"loc":{"start":{"line":376,"column":42},"end":{"line":394,"column":3}},"line":376},"51":{"name":"(anonymous_51)","decl":{"start":{"line":381,"column":6},"end":{"line":381,"column":7}},"loc":{"start":{"line":381,"column":21},"end":{"line":392,"column":7}},"line":381},"52":{"name":"(anonymous_52)","decl":{"start":{"line":387,"column":40},"end":{"line":387,"column":41}},"loc":{"start":{"line":388,"column":12},"end":{"line":388,"column":98}},"line":388},"53":{"name":"(anonymous_53)","decl":{"start":{"line":397,"column":32},"end":{"line":397,"column":33}},"loc":{"start":{"line":397,"column":46},"end":{"line":432,"column":1}},"line":397},"54":{"name":"(anonymous_54)","decl":{"start":{"line":398,"column":21},"end":{"line":398,"column":22}},"loc":{"start":{"line":398,"column":42},"end":{"line":431,"column":3}},"line":398},"55":{"name":"(anonymous_55)","decl":{"start":{"line":404,"column":6},"end":{"line":404,"column":7}},"loc":{"start":{"line":404,"column":21},"end":{"line":430,"column":7}},"line":404},"56":{"name":"(anonymous_56)","decl":{"start":{"line":434,"column":25},"end":{"line":434,"column":26}},"loc":{"start":{"line":434,"column":40},"end":{"line":460,"column":1}},"line":434},"57":{"name":"(anonymous_57)","decl":{"start":{"line":435,"column":21},"end":{"line":435,"column":22}},"loc":{"start":{"line":435,"column":42},"end":{"line":459,"column":3}},"line":435},"58":{"name":"(anonymous_58)","decl":{"start":{"line":440,"column":6},"end":{"line":440,"column":7}},"loc":{"start":{"line":440,"column":21},"end":{"line":458,"column":7}},"line":440},"59":{"name":"(anonymous_59)","decl":{"start":{"line":463,"column":30},"end":{"line":463,"column":31}},"loc":{"start":{"line":463,"column":53},"end":{"line":504,"column":1}},"line":463},"60":{"name":"(anonymous_60)","decl":{"start":{"line":465,"column":21},"end":{"line":465,"column":22}},"loc":{"start":{"line":465,"column":42},"end":{"line":503,"column":3}},"line":465},"61":{"name":"(anonymous_61)","decl":{"start":{"line":470,"column":6},"end":{"line":470,"column":7}},"loc":{"start":{"line":470,"column":21},"end":{"line":501,"column":7}},"line":470},"62":{"name":"(anonymous_62)","decl":{"start":{"line":477,"column":20},"end":{"line":477,"column":21}},"loc":{"start":{"line":477,"column":25},"end":{"line":481,"column":13}},"line":477},"63":{"name":"(anonymous_63)","decl":{"start":{"line":482,"column":17},"end":{"line":482,"column":18}},"loc":{"start":{"line":483,"column":14},"end":{"line":497,"column":15}},"line":483},"64":{"name":"(anonymous_64)","decl":{"start":{"line":506,"column":31},"end":{"line":506,"column":32}},"loc":{"start":{"line":506,"column":54},"end":{"line":547,"column":1}},"line":506},"65":{"name":"(anonymous_65)","decl":{"start":{"line":508,"column":21},"end":{"line":508,"column":22}},"loc":{"start":{"line":508,"column":42},"end":{"line":546,"column":3}},"line":508},"66":{"name":"(anonymous_66)","decl":{"start":{"line":513,"column":6},"end":{"line":513,"column":7}},"loc":{"start":{"line":513,"column":21},"end":{"line":544,"column":7}},"line":513},"67":{"name":"(anonymous_67)","decl":{"start":{"line":520,"column":20},"end":{"line":520,"column":21}},"loc":{"start":{"line":520,"column":25},"end":{"line":524,"column":13}},"line":520},"68":{"name":"(anonymous_68)","decl":{"start":{"line":525,"column":17},"end":{"line":525,"column":18}},"loc":{"start":{"line":526,"column":14},"end":{"line":540,"column":15}},"line":526},"69":{"name":"(anonymous_69)","decl":{"start":{"line":549,"column":26},"end":{"line":549,"column":27}},"loc":{"start":{"line":549,"column":40},"end":{"line":566,"column":1}},"line":549},"70":{"name":"(anonymous_70)","decl":{"start":{"line":550,"column":21},"end":{"line":550,"column":22}},"loc":{"start":{"line":550,"column":42},"end":{"line":565,"column":3}},"line":550},"71":{"name":"(anonymous_71)","decl":{"start":{"line":557,"column":6},"end":{"line":557,"column":7}},"loc":{"start":{"line":557,"column":21},"end":{"line":563,"column":7}},"line":557},"72":{"name":"(anonymous_72)","decl":{"start":{"line":568,"column":37},"end":{"line":568,"column":38}},"loc":{"start":{"line":568,"column":53},"end":{"line":583,"column":1}},"line":568},"73":{"name":"(anonymous_73)","decl":{"start":{"line":569,"column":21},"end":{"line":569,"column":22}},"loc":{"start":{"line":569,"column":42},"end":{"line":582,"column":3}},"line":569},"74":{"name":"(anonymous_74)","decl":{"start":{"line":574,"column":6},"end":{"line":574,"column":7}},"loc":{"start":{"line":574,"column":21},"end":{"line":580,"column":7}},"line":574}},"branchMap":{"0":{"loc":{"start":{"line":18,"column":8},"end":{"line":22,"column":9}},"type":"if","locations":[{"start":{"line":18,"column":8},"end":{"line":22,"column":9}},{"start":{"line":20,"column":15},"end":{"line":22,"column":9}}],"line":18},"1":{"loc":{"start":{"line":36,"column":8},"end":{"line":90,"column":9}},"type":"if","locations":[{"start":{"line":36,"column":8},"end":{"line":90,"column":9}},{"start":{"line":38,"column":15},"end":{"line":90,"column":9}}],"line":36},"2":{"loc":{"start":{"line":38,"column":15},"end":{"line":90,"column":9}},"type":"if","locations":[{"start":{"line":38,"column":15},"end":{"line":90,"column":9}},{"start":{"line":44,"column":15},"end":{"line":90,"column":9}}],"line":38},"3":{"loc":{"start":{"line":40,"column":12},"end":{"line":42,"column":80}},"type":"cond-expr","locations":[{"start":{"line":41,"column":14},"end":{"line":41,"column":68}},{"start":{"line":42,"column":14},"end":{"line":42,"column":80}}],"line":40},"4":{"loc":{"start":{"line":45,"column":10},"end":{"line":89,"column":11}},"type":"if","locations":[{"start":{"line":45,"column":10},"end":{"line":89,"column":11}},{"start":{"line":63,"column":17},"end":{"line":89,"column":11}}],"line":45},"5":{"loc":{"start":{"line":84,"column":12},"end":{"line":88,"column":13}},"type":"if","locations":[{"start":{"line":84,"column":12},"end":{"line":88,"column":13}},{"start":{"line":86,"column":19},"end":{"line":88,"column":13}}],"line":84},"6":{"loc":{"start":{"line":102,"column":8},"end":{"line":120,"column":9}},"type":"if","locations":[{"start":{"line":102,"column":8},"end":{"line":120,"column":9}},{"start":{"line":104,"column":15},"end":{"line":120,"column":9}}],"line":102},"7":{"loc":{"start":{"line":104,"column":15},"end":{"line":120,"column":9}},"type":"if","locations":[{"start":{"line":104,"column":15},"end":{"line":120,"column":9}},{"start":{"line":108,"column":15},"end":{"line":120,"column":9}}],"line":104},"8":{"loc":{"start":{"line":132,"column":8},"end":{"line":144,"column":9}},"type":"if","locations":[{"start":{"line":132,"column":8},"end":{"line":144,"column":9}},{"start":{"line":134,"column":15},"end":{"line":144,"column":9}}],"line":132},"9":{"loc":{"start":{"line":135,"column":10},"end":{"line":143,"column":11}},"type":"if","locations":[{"start":{"line":135,"column":10},"end":{"line":143,"column":11}},{"start":{"line":137,"column":17},"end":{"line":143,"column":11}}],"line":135},"10":{"loc":{"start":{"line":135,"column":14},"end":{"line":135,"column":67}},"type":"binary-expr","locations":[{"start":{"line":135,"column":14},"end":{"line":135,"column":30}},{"start":{"line":135,"column":34},"end":{"line":135,"column":46}},{"start":{"line":135,"column":50},"end":{"line":135,"column":67}}],"line":135},"11":{"loc":{"start":{"line":157,"column":8},"end":{"line":169,"column":9}},"type":"if","locations":[{"start":{"line":157,"column":8},"end":{"line":169,"column":9}},{"start":{"line":159,"column":15},"end":{"line":169,"column":9}}],"line":157},"12":{"loc":{"start":{"line":159,"column":15},"end":{"line":169,"column":9}},"type":"if","locations":[{"start":{"line":159,"column":15},"end":{"line":169,"column":9}},{"start":{"line":161,"column":15},"end":{"line":169,"column":9}}],"line":159},"13":{"loc":{"start":{"line":182,"column":8},"end":{"line":193,"column":9}},"type":"if","locations":[{"start":{"line":182,"column":8},"end":{"line":193,"column":9}},{"start":{"line":184,"column":15},"end":{"line":193,"column":9}}],"line":182},"14":{"loc":{"start":{"line":184,"column":15},"end":{"line":193,"column":9}},"type":"if","locations":[{"start":{"line":184,"column":15},"end":{"line":193,"column":9}},{"start":{"line":186,"column":15},"end":{"line":193,"column":9}}],"line":184},"15":{"loc":{"start":{"line":206,"column":8},"end":{"line":213,"column":9}},"type":"if","locations":[{"start":{"line":206,"column":8},"end":{"line":213,"column":9}},{"start":{"line":208,"column":15},"end":{"line":213,"column":9}}],"line":206},"16":{"loc":{"start":{"line":208,"column":15},"end":{"line":213,"column":9}},"type":"if","locations":[{"start":{"line":208,"column":15},"end":{"line":213,"column":9}},{"start":{"line":210,"column":15},"end":{"line":213,"column":9}}],"line":208},"17":{"loc":{"start":{"line":226,"column":8},"end":{"line":232,"column":9}},"type":"if","locations":[{"start":{"line":226,"column":8},"end":{"line":232,"column":9}},{"start":{"line":228,"column":15},"end":{"line":232,"column":9}}],"line":226},"18":{"loc":{"start":{"line":228,"column":15},"end":{"line":232,"column":9}},"type":"if","locations":[{"start":{"line":228,"column":15},"end":{"line":232,"column":9}},{"start":{"line":230,"column":15},"end":{"line":232,"column":9}}],"line":228},"19":{"loc":{"start":{"line":248,"column":8},"end":{"line":252,"column":9}},"type":"if","locations":[{"start":{"line":248,"column":8},"end":{"line":252,"column":9}},{"start":{"line":250,"column":15},"end":{"line":252,"column":9}}],"line":248},"20":{"loc":{"start":{"line":265,"column":8},"end":{"line":269,"column":9}},"type":"if","locations":[{"start":{"line":265,"column":8},"end":{"line":269,"column":9}},{"start":{"line":267,"column":15},"end":{"line":269,"column":9}}],"line":265},"21":{"loc":{"start":{"line":284,"column":8},"end":{"line":295,"column":9}},"type":"if","locations":[{"start":{"line":284,"column":8},"end":{"line":295,"column":9}},{"start":{"line":286,"column":15},"end":{"line":295,"column":9}}],"line":284},"22":{"loc":{"start":{"line":286,"column":15},"end":{"line":295,"column":9}},"type":"if","locations":[{"start":{"line":286,"column":15},"end":{"line":295,"column":9}},{"start":{"line":288,"column":15},"end":{"line":295,"column":9}}],"line":286},"23":{"loc":{"start":{"line":310,"column":8},"end":{"line":320,"column":9}},"type":"if","locations":[{"start":{"line":310,"column":8},"end":{"line":320,"column":9}},{"start":{"line":312,"column":15},"end":{"line":320,"column":9}}],"line":310},"24":{"loc":{"start":{"line":312,"column":15},"end":{"line":320,"column":9}},"type":"if","locations":[{"start":{"line":312,"column":15},"end":{"line":320,"column":9}},{"start":{"line":314,"column":15},"end":{"line":320,"column":9}}],"line":312},"25":{"loc":{"start":{"line":334,"column":8},"end":{"line":345,"column":9}},"type":"if","locations":[{"start":{"line":334,"column":8},"end":{"line":345,"column":9}},{"start":{"line":336,"column":15},"end":{"line":345,"column":9}}],"line":334},"26":{"loc":{"start":{"line":336,"column":15},"end":{"line":345,"column":9}},"type":"if","locations":[{"start":{"line":336,"column":15},"end":{"line":345,"column":9}},{"start":{"line":338,"column":15},"end":{"line":345,"column":9}}],"line":336},"27":{"loc":{"start":{"line":359,"column":8},"end":{"line":370,"column":9}},"type":"if","locations":[{"start":{"line":359,"column":8},"end":{"line":370,"column":9}},{"start":{"line":361,"column":15},"end":{"line":370,"column":9}}],"line":359},"28":{"loc":{"start":{"line":361,"column":15},"end":{"line":370,"column":9}},"type":"if","locations":[{"start":{"line":361,"column":15},"end":{"line":370,"column":9}},{"start":{"line":363,"column":15},"end":{"line":370,"column":9}}],"line":361},"29":{"loc":{"start":{"line":382,"column":8},"end":{"line":391,"column":9}},"type":"if","locations":[{"start":{"line":382,"column":8},"end":{"line":391,"column":9}},{"start":{"line":384,"column":15},"end":{"line":391,"column":9}}],"line":382},"30":{"loc":{"start":{"line":384,"column":15},"end":{"line":391,"column":9}},"type":"if","locations":[{"start":{"line":384,"column":15},"end":{"line":391,"column":9}},{"start":{"line":386,"column":15},"end":{"line":391,"column":9}}],"line":384},"31":{"loc":{"start":{"line":405,"column":8},"end":{"line":429,"column":9}},"type":"if","locations":[{"start":{"line":405,"column":8},"end":{"line":429,"column":9}},{"start":{"line":407,"column":15},"end":{"line":429,"column":9}}],"line":405},"32":{"loc":{"start":{"line":407,"column":15},"end":{"line":429,"column":9}},"type":"if","locations":[{"start":{"line":407,"column":15},"end":{"line":429,"column":9}},{"start":{"line":411,"column":15},"end":{"line":429,"column":9}}],"line":407},"33":{"loc":{"start":{"line":441,"column":8},"end":{"line":457,"column":9}},"type":"if","locations":[{"start":{"line":441,"column":8},"end":{"line":457,"column":9}},{"start":{"line":443,"column":15},"end":{"line":457,"column":9}}],"line":441},"34":{"loc":{"start":{"line":443,"column":15},"end":{"line":457,"column":9}},"type":"if","locations":[{"start":{"line":443,"column":15},"end":{"line":457,"column":9}},{"start":{"line":447,"column":15},"end":{"line":457,"column":9}}],"line":443},"35":{"loc":{"start":{"line":471,"column":8},"end":{"line":500,"column":9}},"type":"if","locations":[{"start":{"line":471,"column":8},"end":{"line":500,"column":9}},{"start":{"line":473,"column":15},"end":{"line":500,"column":9}}],"line":471},"36":{"loc":{"start":{"line":473,"column":15},"end":{"line":500,"column":9}},"type":"if","locations":[{"start":{"line":473,"column":15},"end":{"line":500,"column":9}},{"start":{"line":475,"column":15},"end":{"line":500,"column":9}}],"line":473},"37":{"loc":{"start":{"line":479,"column":14},"end":{"line":480,"column":25}},"type":"if","locations":[{"start":{"line":479,"column":14},"end":{"line":480,"column":25}},{"start":{},"end":{}}],"line":479},"38":{"loc":{"start":{"line":514,"column":8},"end":{"line":543,"column":9}},"type":"if","locations":[{"start":{"line":514,"column":8},"end":{"line":543,"column":9}},{"start":{"line":516,"column":15},"end":{"line":543,"column":9}}],"line":514},"39":{"loc":{"start":{"line":516,"column":15},"end":{"line":543,"column":9}},"type":"if","locations":[{"start":{"line":516,"column":15},"end":{"line":543,"column":9}},{"start":{"line":518,"column":15},"end":{"line":543,"column":9}}],"line":516},"40":{"loc":{"start":{"line":522,"column":14},"end":{"line":523,"column":25}},"type":"if","locations":[{"start":{"line":522,"column":14},"end":{"line":523,"column":25}},{"start":{},"end":{}}],"line":522},"41":{"loc":{"start":{"line":558,"column":8},"end":{"line":562,"column":9}},"type":"if","locations":[{"start":{"line":558,"column":8},"end":{"line":562,"column":9}},{"start":{"line":560,"column":15},"end":{"line":562,"column":9}}],"line":558},"42":{"loc":{"start":{"line":575,"column":8},"end":{"line":579,"column":9}},"type":"if","locations":[{"start":{"line":575,"column":8},"end":{"line":579,"column":9}},{"start":{"line":577,"column":15},"end":{"line":579,"column":9}}],"line":575}},"s":{"0":4,"1":4,"2":4,"3":4,"4":4,"5":4,"6":4,"7":4,"8":0,"9":0,"10":0,"11":0,"12":0,"13":0,"14":4,"15":0,"16":0,"17":0,"18":0,"19":0,"20":0,"21":0,"22":0,"23":0,"24":0,"25":0,"26":0,"27":0,"28":0,"29":0,"30":0,"31":0,"32":4,"33":0,"34":0,"35":0,"36":0,"37":0,"38":0,"39":0,"40":0,"41":0,"42":4,"43":0,"44":0,"45":0,"46":0,"47":0,"48":0,"49":0,"50":0,"51":0,"52":0,"53":0,"54":4,"55":1,"56":1,"57":1,"58":1,"59":0,"60":1,"61":1,"62":0,"63":0,"64":0,"65":4,"66":0,"67":0,"68":0,"69":0,"70":0,"71":0,"72":0,"73":0,"74":0,"75":0,"76":4,"77":2,"78":2,"79":2,"80":2,"81":0,"82":2,"83":2,"84":0,"85":0,"86":0,"87":4,"88":0,"89":0,"90":0,"91":0,"92":0,"93":0,"94":0,"95":0,"96":4,"97":0,"98":0,"99":0,"100":0,"101":0,"102":0,"103":4,"104":0,"105":0,"106":0,"107":0,"108":0,"109":0,"110":4,"111":0,"112":0,"113":0,"114":0,"115":0,"116":0,"117":0,"118":0,"119":0,"120":0,"121":4,"122":0,"123":0,"124":0,"125":0,"126":0,"127":0,"128":0,"129":0,"130":0,"131":4,"132":0,"133":0,"134":0,"135":0,"136":0,"137":0,"138":0,"139":0,"140":0,"141":4,"142":0,"143":0,"144":0,"145":0,"146":0,"147":0,"148":0,"149":0,"150":0,"151":4,"152":0,"153":0,"154":0,"155":0,"156":0,"157":0,"158":0,"159":0,"160":0,"161":0,"162":4,"163":0,"164":0,"165":0,"166":0,"167":0,"168":0,"169":0,"170":0,"171":0,"172":4,"173":0,"174":0,"175":0,"176":0,"177":0,"178":0,"179":0,"180":0,"181":0,"182":4,"183":0,"184":0,"185":0,"186":0,"187":0,"188":0,"189":0,"190":0,"191":0,"192":0,"193":0,"194":0,"195":0,"196":0,"197":4,"198":0,"199":0,"200":0,"201":0,"202":0,"203":0,"204":0,"205":0,"206":0,"207":0,"208":0,"209":0,"210":0,"211":0,"212":4,"213":0,"214":0,"215":0,"216":0,"217":0,"218":0,"219":4,"220":0,"221":0,"222":0,"223":0,"224":0,"225":0},"f":{"0":0,"1":0,"2":0,"3":0,"4":0,"5":0,"6":0,"7":0,"8":0,"9":0,"10":0,"11":0,"12":0,"13":0,"14":0,"15":0,"16":1,"17":1,"18":1,"19":0,"20":0,"21":0,"22":0,"23":0,"24":2,"25":2,"26":2,"27":0,"28":0,"29":0,"30":0,"31":0,"32":0,"33":0,"34":0,"35":0,"36":0,"37":0,"38":0,"39":0,"40":0,"41":0,"42":0,"43":0,"44":0,"45":0,"46":0,"47":0,"48":0,"49":0,"50":0,"51":0,"52":0,"53":0,"54":0,"55":0,"56":0,"57":0,"58":0,"59":0,"60":0,"61":0,"62":0,"63":0,"64":0,"65":0,"66":0,"67":0,"68":0,"69":0,"70":0,"71":0,"72":0,"73":0,"74":0},"b":{"0":[0,0],"1":[0,0],"2":[0,0],"3":[0,0],"4":[0,0],"5":[0,0],"6":[0,0],"7":[0,0],"8":[0,0],"9":[0,0],"10":[0,0,0],"11":[0,1],"12":[1,0],"13":[0,0],"14":[0,0],"15":[0,2],"16":[2,0],"17":[0,0],"18":[0,0],"19":[0,0],"20":[0,0],"21":[0,0],"22":[0,0],"23":[0,0],"24":[0,0],"25":[0,0],"26":[0,0],"27":[0,0],"28":[0,0],"29":[0,0],"30":[0,0],"31":[0,0],"32":[0,0],"33":[0,0],"34":[0,0],"35":[0,0],"36":[0,0],"37":[0,0],"38":[0,0],"39":[0,0],"40":[0,0],"41":[0,0],"42":[0,0]},"_coverageSchema":"1a1c01bbd47fc00a2c39e90264f33305004495a9","hash":"d0cb6225a947002eca30b2371ea6f5df3af85a37"}
,"C:\\Users\\Utente\\Desktop\\Magistrale\\Softeng2\\TMP-Project2\\thesis-management-project\\code\\server\\daoUsers.js": {"path":"C:\\Users\\Utente\\Desktop\\Magistrale\\Softeng2\\TMP-Project2\\thesis-management-project\\code\\server\\daoUsers.js","statementMap":{"0":{"start":{"line":1,"column":15},"end":{"line":1,"column":32}},"1":{"start":{"line":2,"column":11},"end":{"line":2,"column":26}},"2":{"start":{"line":3,"column":18},"end":{"line":3,"column":46}},"3":{"start":{"line":24,"column":0},"end":{"line":51,"column":1}},"4":{"start":{"line":27,"column":2},"end":{"line":50,"column":5}},"5":{"start":{"line":28,"column":16},"end":{"line":28,"column":52}},"6":{"start":{"line":30,"column":4},"end":{"line":49,"column":7}},"7":{"start":{"line":31,"column":6},"end":{"line":48,"column":7}},"8":{"start":{"line":32,"column":8},"end":{"line":32,"column":20}},"9":{"start":{"line":34,"column":8},"end":{"line":47,"column":9}},"10":{"start":{"line":35,"column":10},"end":{"line":35,"column":24}},"11":{"start":{"line":38,"column":23},"end":{"line":38,"column":31}},"12":{"start":{"line":39,"column":23},"end":{"line":39,"column":31}},"13":{"start":{"line":40,"column":33},"end":{"line":40,"column":82}},"14":{"start":{"line":41,"column":10},"end":{"line":46,"column":11}},"15":{"start":{"line":43,"column":12},"end":{"line":43,"column":25}},"16":{"start":{"line":45,"column":12},"end":{"line":45,"column":27}},"17":{"start":{"line":55,"column":1},"end":{"line":66,"column":1}},"18":{"start":{"line":56,"column":2},"end":{"line":65,"column":5}},"19":{"start":{"line":57,"column":18},"end":{"line":57,"column":55}},"20":{"start":{"line":58,"column":4},"end":{"line":64,"column":7}},"21":{"start":{"line":59,"column":6},"end":{"line":63,"column":7}},"22":{"start":{"line":60,"column":8},"end":{"line":60,"column":22}},"23":{"start":{"line":62,"column":8},"end":{"line":62,"column":21}},"24":{"start":{"line":67,"column":0},"end":{"line":78,"column":1}},"25":{"start":{"line":68,"column":2},"end":{"line":77,"column":5}},"26":{"start":{"line":69,"column":18},"end":{"line":69,"column":55}},"27":{"start":{"line":70,"column":4},"end":{"line":76,"column":7}},"28":{"start":{"line":71,"column":6},"end":{"line":75,"column":7}},"29":{"start":{"line":72,"column":8},"end":{"line":72,"column":22}},"30":{"start":{"line":74,"column":8},"end":{"line":74,"column":21}},"31":{"start":{"line":80,"column":0},"end":{"line":91,"column":1}},"32":{"start":{"line":81,"column":2},"end":{"line":90,"column":5}},"33":{"start":{"line":82,"column":18},"end":{"line":82,"column":58}},"34":{"start":{"line":83,"column":4},"end":{"line":89,"column":7}},"35":{"start":{"line":84,"column":6},"end":{"line":88,"column":7}},"36":{"start":{"line":85,"column":8},"end":{"line":85,"column":22}},"37":{"start":{"line":87,"column":8},"end":{"line":87,"column":21}},"38":{"start":{"line":92,"column":0},"end":{"line":103,"column":1}},"39":{"start":{"line":93,"column":2},"end":{"line":102,"column":5}},"40":{"start":{"line":94,"column":18},"end":{"line":94,"column":58}},"41":{"start":{"line":95,"column":4},"end":{"line":101,"column":7}},"42":{"start":{"line":96,"column":6},"end":{"line":100,"column":7}},"43":{"start":{"line":97,"column":8},"end":{"line":97,"column":22}},"44":{"start":{"line":99,"column":8},"end":{"line":99,"column":21}}},"fnMap":{"0":{"name":"(anonymous_0)","decl":{"start":{"line":24,"column":18},"end":{"line":24,"column":19}},"loc":{"start":{"line":25,"column":0},"end":{"line":51,"column":1}},"line":25},"1":{"name":"(anonymous_1)","decl":{"start":{"line":27,"column":21},"end":{"line":27,"column":22}},"loc":{"start":{"line":27,"column":42},"end":{"line":50,"column":3}},"line":27},"2":{"name":"(anonymous_2)","decl":{"start":{"line":30,"column":25},"end":{"line":30,"column":26}},"loc":{"start":{"line":30,"column":39},"end":{"line":49,"column":5}},"line":30},"3":{"name":"(anonymous_3)","decl":{"start":{"line":55,"column":26},"end":{"line":55,"column":27}},"loc":{"start":{"line":55,"column":34},"end":{"line":66,"column":1}},"line":55},"4":{"name":"(anonymous_4)","decl":{"start":{"line":56,"column":21},"end":{"line":56,"column":22}},"loc":{"start":{"line":56,"column":42},"end":{"line":65,"column":3}},"line":56},"5":{"name":"(anonymous_5)","decl":{"start":{"line":58,"column":24},"end":{"line":58,"column":25}},"loc":{"start":{"line":58,"column":40},"end":{"line":64,"column":5}},"line":58},"6":{"name":"(anonymous_6)","decl":{"start":{"line":67,"column":27},"end":{"line":67,"column":28}},"loc":{"start":{"line":67,"column":35},"end":{"line":78,"column":1}},"line":67},"7":{"name":"(anonymous_7)","decl":{"start":{"line":68,"column":21},"end":{"line":68,"column":22}},"loc":{"start":{"line":68,"column":42},"end":{"line":77,"column":3}},"line":68},"8":{"name":"(anonymous_8)","decl":{"start":{"line":70,"column":24},"end":{"line":70,"column":25}},"loc":{"start":{"line":70,"column":40},"end":{"line":76,"column":5}},"line":70},"9":{"name":"(anonymous_9)","decl":{"start":{"line":80,"column":28},"end":{"line":80,"column":29}},"loc":{"start":{"line":80,"column":39},"end":{"line":91,"column":1}},"line":80},"10":{"name":"(anonymous_10)","decl":{"start":{"line":81,"column":21},"end":{"line":81,"column":22}},"loc":{"start":{"line":81,"column":42},"end":{"line":90,"column":3}},"line":81},"11":{"name":"(anonymous_11)","decl":{"start":{"line":83,"column":27},"end":{"line":83,"column":28}},"loc":{"start":{"line":83,"column":43},"end":{"line":89,"column":5}},"line":83},"12":{"name":"(anonymous_12)","decl":{"start":{"line":92,"column":30},"end":{"line":92,"column":31}},"loc":{"start":{"line":92,"column":41},"end":{"line":103,"column":1}},"line":92},"13":{"name":"(anonymous_13)","decl":{"start":{"line":93,"column":21},"end":{"line":93,"column":22}},"loc":{"start":{"line":93,"column":42},"end":{"line":102,"column":3}},"line":93},"14":{"name":"(anonymous_14)","decl":{"start":{"line":95,"column":27},"end":{"line":95,"column":28}},"loc":{"start":{"line":95,"column":43},"end":{"line":101,"column":5}},"line":95}},"branchMap":{"0":{"loc":{"start":{"line":31,"column":6},"end":{"line":48,"column":7}},"type":"if","locations":[{"start":{"line":31,"column":6},"end":{"line":48,"column":7}},{"start":{"line":33,"column":13},"end":{"line":48,"column":7}}],"line":31},"1":{"loc":{"start":{"line":34,"column":8},"end":{"line":47,"column":9}},"type":"if","locations":[{"start":{"line":34,"column":8},"end":{"line":47,"column":9}},{"start":{"line":36,"column":15},"end":{"line":47,"column":9}}],"line":34},"2":{"loc":{"start":{"line":41,"column":10},"end":{"line":46,"column":11}},"type":"if","locations":[{"start":{"line":41,"column":10},"end":{"line":46,"column":11}},{"start":{"line":44,"column":17},"end":{"line":46,"column":11}}],"line":41},"3":{"loc":{"start":{"line":59,"column":6},"end":{"line":63,"column":7}},"type":"if","locations":[{"start":{"line":59,"column":6},"end":{"line":63,"column":7}},{"start":{"line":61,"column":13},"end":{"line":63,"column":7}}],"line":59},"4":{"loc":{"start":{"line":71,"column":6},"end":{"line":75,"column":7}},"type":"if","locations":[{"start":{"line":71,"column":6},"end":{"line":75,"column":7}},{"start":{"line":73,"column":13},"end":{"line":75,"column":7}}],"line":71},"5":{"loc":{"start":{"line":84,"column":6},"end":{"line":88,"column":7}},"type":"if","locations":[{"start":{"line":84,"column":6},"end":{"line":88,"column":7}},{"start":{"line":86,"column":13},"end":{"line":88,"column":7}}],"line":84},"6":{"loc":{"start":{"line":96,"column":6},"end":{"line":100,"column":7}},"type":"if","locations":[{"start":{"line":96,"column":6},"end":{"line":100,"column":7}},{"start":{"line":98,"column":13},"end":{"line":100,"column":7}}],"line":96}},"s":{"0":4,"1":4,"2":4,"3":4,"4":0,"5":0,"6":0,"7":0,"8":0,"9":0,"10":0,"11":0,"12":0,"13":0,"14":0,"15":0,"16":0,"17":4,"18":0,"19":0,"20":0,"21":0,"22":0,"23":0,"24":4,"25":0,"26":0,"27":0,"28":0,"29":0,"30":0,"31":4,"32":0,"33":0,"34":0,"35":0,"36":0,"37":0,"38":4,"39":0,"40":0,"41":0,"42":0,"43":0,"44":0},"f":{"0":0,"1":0,"2":0,"3":0,"4":0,"5":0,"6":0,"7":0,"8":0,"9":0,"10":0,"11":0,"12":0,"13":0,"14":0},"b":{"0":[0,0],"1":[0,0],"2":[0,0],"3":[0,0],"4":[0,0],"5":[0,0],"6":[0,0]},"_coverageSchema":"1a1c01bbd47fc00a2c39e90264f33305004495a9","hash":"a73184778e4b5d13b4b36eacd3631841ddd35756"}
,"C:\\Users\\Utente\\Desktop\\Magistrale\\Softeng2\\TMP-Project2\\thesis-management-project\\code\\server\\db.js": {"path":"C:\\Users\\Utente\\Desktop\\Magistrale\\Softeng2\\TMP-Project2\\thesis-management-project\\code\\server\\db.js","statementMap":{"0":{"start":{"line":2,"column":15},"end":{"line":2,"column":33}},"1":{"start":{"line":3,"column":11},"end":{"line":3,"column":24}},"2":{"start":{"line":7,"column":15},"end":{"line":7,"column":80}},"3":{"start":{"line":10,"column":11},"end":{"line":24,"column":2}},"4":{"start":{"line":11,"column":4},"end":{"line":13,"column":5}},"5":{"start":{"line":12,"column":8},"end":{"line":12,"column":18}},"6":{"start":{"line":14,"column":4},"end":{"line":23,"column":5}},"7":{"start":{"line":16,"column":23},"end":{"line":16,"column":61}},"8":{"start":{"line":17,"column":8},"end":{"line":22,"column":11}},"9":{"start":{"line":18,"column":10},"end":{"line":21,"column":13}},"10":{"start":{"line":19,"column":12},"end":{"line":20,"column":27}},"11":{"start":{"line":19,"column":21},"end":{"line":19,"column":33}},"12":{"start":{"line":20,"column":17},"end":{"line":20,"column":27}},"13":{"start":{"line":26,"column":0},"end":{"line":26,"column":20}}},"fnMap":{"0":{"name":"(anonymous_0)","decl":{"start":{"line":10,"column":39},"end":{"line":10,"column":40}},"loc":{"start":{"line":10,"column":54},"end":{"line":24,"column":1}},"line":10},"1":{"name":"(anonymous_1)","decl":{"start":{"line":17,"column":26},"end":{"line":17,"column":27}},"loc":{"start":{"line":17,"column":47},"end":{"line":22,"column":9}},"line":17},"2":{"name":"(anonymous_2)","decl":{"start":{"line":18,"column":26},"end":{"line":18,"column":27}},"loc":{"start":{"line":18,"column":35},"end":{"line":21,"column":11}},"line":18}},"branchMap":{"0":{"loc":{"start":{"line":7,"column":15},"end":{"line":7,"column":80}},"type":"cond-expr","locations":[{"start":{"line":7,"column":49},"end":{"line":7,"column":59}},{"start":{"line":7,"column":62},"end":{"line":7,"column":80}}],"line":7},"1":{"loc":{"start":{"line":11,"column":4},"end":{"line":13,"column":5}},"type":"if","locations":[{"start":{"line":11,"column":4},"end":{"line":13,"column":5}},{"start":{},"end":{}}],"line":11},"2":{"loc":{"start":{"line":14,"column":4},"end":{"line":23,"column":5}},"type":"if","locations":[{"start":{"line":14,"column":4},"end":{"line":23,"column":5}},{"start":{},"end":{}}],"line":14},"3":{"loc":{"start":{"line":19,"column":12},"end":{"line":20,"column":27}},"type":"if","locations":[{"start":{"line":19,"column":12},"end":{"line":20,"column":27}},{"start":{"line":20,"column":17},"end":{"line":20,"column":27}}],"line":19}},"s":{"0":4,"1":4,"2":4,"3":4,"4":3,"5":0,"6":3,"7":3,"8":3,"9":3,"10":3,"11":3,"12":0,"13":4},"f":{"0":3,"1":3,"2":3},"b":{"0":[4,0],"1":[0,3],"2":[3,0],"3":[3,0]},"_coverageSchema":"1a1c01bbd47fc00a2c39e90264f33305004495a9","hash":"d06877ec97cfd8a6cb667cdbeea08b5ef3b94773"}
,"C:\\Users\\Utente\\Desktop\\Magistrale\\Softeng2\\TMP-Project2\\thesis-management-project\\code\\server\\index.js": {"path":"C:\\Users\\Utente\\Desktop\\Magistrale\\Softeng2\\TMP-Project2\\thesis-management-project\\code\\server\\index.js","statementMap":{"0":{"start":{"line":3,"column":16},"end":{"line":3,"column":34}},"1":{"start":{"line":4,"column":14},"end":{"line":4,"column":30}},"2":{"start":{"line":5,"column":13},"end":{"line":5,"column":28}},"3":{"start":{"line":7,"column":15},"end":{"line":7,"column":44}},"4":{"start":{"line":10,"column":12},"end":{"line":10,"column":25}},"5":{"start":{"line":11,"column":13},"end":{"line":11,"column":17}},"6":{"start":{"line":13,"column":15},"end":{"line":13,"column":32}},"7":{"start":{"line":14,"column":13},"end":{"line":14,"column":28}},"8":{"start":{"line":15,"column":12},"end":{"line":15,"column":36}},"9":{"start":{"line":17,"column":37},"end":{"line":17,"column":65}},"10":{"start":{"line":21,"column":17},"end":{"line":21,"column":36}},"11":{"start":{"line":25,"column":22},"end":{"line":25,"column":47}},"12":{"start":{"line":29,"column":21},"end":{"line":29,"column":54}},"13":{"start":{"line":31,"column":11},"end":{"line":31,"column":24}},"14":{"start":{"line":33,"column":13},"end":{"line":33,"column":28}},"15":{"start":{"line":36,"column":16},"end":{"line":36,"column":42}},"16":{"start":{"line":39,"column":17},"end":{"line":39,"column":79}},"17":{"start":{"line":40,"column":13},"end":{"line":40,"column":47}},"18":{"start":{"line":41,"column":19},"end":{"line":41,"column":41}},"19":{"start":{"line":44,"column":0},"end":{"line":61,"column":4}},"20":{"start":{"line":53,"column":2},"end":{"line":60,"column":7}},"21":{"start":{"line":64,"column":0},"end":{"line":64,"column":24}},"22":{"start":{"line":65,"column":0},"end":{"line":65,"column":23}},"23":{"start":{"line":66,"column":20},"end":{"line":70,"column":1}},"24":{"start":{"line":71,"column":0},"end":{"line":71,"column":27}},"25":{"start":{"line":77,"column":0},"end":{"line":79,"column":3}},"26":{"start":{"line":78,"column":2},"end":{"line":78,"column":17}},"27":{"start":{"line":81,"column":0},"end":{"line":86,"column":3}},"28":{"start":{"line":82,"column":2},"end":{"line":82,"column":19}},"29":{"start":{"line":83,"column":2},"end":{"line":83,"column":24}},"30":{"start":{"line":88,"column":0},"end":{"line":96,"column":4}},"31":{"start":{"line":98,"column":0},"end":{"line":98,"column":42}},"32":{"start":{"line":105,"column":0},"end":{"line":107,"column":3}},"33":{"start":{"line":106,"column":4},"end":{"line":106,"column":100}},"34":{"start":{"line":109,"column":0},"end":{"line":187,"column":2}},"35":{"start":{"line":126,"column":22},"end":{"line":126,"column":36}},"36":{"start":{"line":129,"column":22},"end":{"line":129,"column":59}},"37":{"start":{"line":131,"column":4},"end":{"line":185,"column":5}},"38":{"start":{"line":135,"column":6},"end":{"line":170,"column":7}},"39":{"start":{"line":136,"column":28},"end":{"line":136,"column":66}},"40":{"start":{"line":138,"column":8},"end":{"line":140,"column":9}},"41":{"start":{"line":139,"column":10},"end":{"line":139,"column":101}},"42":{"start":{"line":142,"column":8},"end":{"line":152,"column":10}},"43":{"start":{"line":155,"column":28},"end":{"line":155,"column":68}},"44":{"start":{"line":157,"column":8},"end":{"line":159,"column":9}},"45":{"start":{"line":158,"column":10},"end":{"line":158,"column":101}},"46":{"start":{"line":161,"column":8},"end":{"line":169,"column":10}},"47":{"start":{"line":172,"column":6},"end":{"line":174,"column":7}},"48":{"start":{"line":173,"column":8},"end":{"line":173,"column":107}},"49":{"start":{"line":177,"column":6},"end":{"line":182,"column":9}},"50":{"start":{"line":178,"column":8},"end":{"line":178,"column":38}},"51":{"start":{"line":178,"column":19},"end":{"line":178,"column":36}},"52":{"start":{"line":180,"column":28},"end":{"line":180,"column":58}},"53":{"start":{"line":181,"column":8},"end":{"line":181,"column":41}},"54":{"start":{"line":184,"column":6},"end":{"line":184,"column":25}},"55":{"start":{"line":189,"column":0},"end":{"line":198,"column":3}},"56":{"start":{"line":190,"column":2},"end":{"line":197,"column":54}},"57":{"start":{"line":192,"column":6},"end":{"line":192,"column":36}},"58":{"start":{"line":192,"column":17},"end":{"line":192,"column":34}},"59":{"start":{"line":194,"column":26},"end":{"line":194,"column":56}},"60":{"start":{"line":195,"column":6},"end":{"line":195,"column":39}},"61":{"start":{"line":202,"column":23},"end":{"line":204,"column":1}},"62":{"start":{"line":203,"column":2},"end":{"line":203,"column":41}},"63":{"start":{"line":208,"column":0},"end":{"line":208,"column":24}},"64":{"start":{"line":210,"column":15},"end":{"line":210,"column":37}},"65":{"start":{"line":212,"column":0},"end":{"line":214,"column":3}},"66":{"start":{"line":213,"column":2},"end":{"line":213,"column":62}},"67":{"start":{"line":221,"column":0},"end":{"line":221,"column":33}}},"fnMap":{"0":{"name":"(anonymous_0)","decl":{"start":{"line":50,"column":3},"end":{"line":50,"column":4}},"loc":{"start":{"line":50,"column":28},"end":{"line":61,"column":1}},"line":50},"1":{"name":"(anonymous_1)","decl":{"start":{"line":77,"column":23},"end":{"line":77,"column":24}},"loc":{"start":{"line":77,"column":43},"end":{"line":79,"column":1}},"line":77},"2":{"name":"(anonymous_2)","decl":{"start":{"line":81,"column":25},"end":{"line":81,"column":26}},"loc":{"start":{"line":81,"column":45},"end":{"line":86,"column":1}},"line":81},"3":{"name":"(anonymous_3)","decl":{"start":{"line":105,"column":18},"end":{"line":105,"column":19}},"loc":{"start":{"line":105,"column":38},"end":{"line":107,"column":1}},"line":105},"4":{"name":"(anonymous_4)","decl":{"start":{"line":113,"column":2},"end":{"line":113,"column":3}},"loc":{"start":{"line":113,"column":34},"end":{"line":186,"column":3}},"line":113},"5":{"name":"(anonymous_5)","decl":{"start":{"line":177,"column":26},"end":{"line":177,"column":27}},"loc":{"start":{"line":177,"column":47},"end":{"line":182,"column":7}},"line":177},"6":{"name":"(anonymous_6)","decl":{"start":{"line":189,"column":19},"end":{"line":189,"column":20}},"loc":{"start":{"line":189,"column":33},"end":{"line":198,"column":1}},"line":189},"7":{"name":"(anonymous_7)","decl":{"start":{"line":191,"column":15},"end":{"line":191,"column":16}},"loc":{"start":{"line":191,"column":30},"end":{"line":196,"column":5}},"line":191},"8":{"name":"(anonymous_8)","decl":{"start":{"line":202,"column":23},"end":{"line":202,"column":24}},"loc":{"start":{"line":202,"column":74},"end":{"line":204,"column":1}},"line":202},"9":{"name":"(anonymous_9)","decl":{"start":{"line":212,"column":20},"end":{"line":212,"column":21}},"loc":{"start":{"line":212,"column":26},"end":{"line":214,"column":1}},"line":212}},"branchMap":{"0":{"loc":{"start":{"line":135,"column":6},"end":{"line":170,"column":7}},"type":"if","locations":[{"start":{"line":135,"column":6},"end":{"line":170,"column":7}},{"start":{"line":153,"column":13},"end":{"line":170,"column":7}}],"line":135},"1":{"loc":{"start":{"line":138,"column":8},"end":{"line":140,"column":9}},"type":"if","locations":[{"start":{"line":138,"column":8},"end":{"line":140,"column":9}},{"start":{},"end":{}}],"line":138},"2":{"loc":{"start":{"line":138,"column":12},"end":{"line":138,"column":43}},"type":"binary-expr","locations":[{"start":{"line":138,"column":12},"end":{"line":138,"column":24}},{"start":{"line":138,"column":28},"end":{"line":138,"column":43}}],"line":138},"3":{"loc":{"start":{"line":157,"column":8},"end":{"line":159,"column":9}},"type":"if","locations":[{"start":{"line":157,"column":8},"end":{"line":159,"column":9}},{"start":{},"end":{}}],"line":157},"4":{"loc":{"start":{"line":157,"column":12},"end":{"line":157,"column":43}},"type":"binary-expr","locations":[{"start":{"line":157,"column":12},"end":{"line":157,"column":24}},{"start":{"line":157,"column":28},"end":{"line":157,"column":43}}],"line":157},"5":{"loc":{"start":{"line":172,"column":6},"end":{"line":174,"column":7}},"type":"if","locations":[{"start":{"line":172,"column":6},"end":{"line":174,"column":7}},{"start":{},"end":{}}],"line":172},"6":{"loc":{"start":{"line":178,"column":8},"end":{"line":178,"column":38}},"type":"if","locations":[{"start":{"line":178,"column":8},"end":{"line":178,"column":38}},{"start":{},"end":{}}],"line":178},"7":{"loc":{"start":{"line":190,"column":2},"end":{"line":197,"column":53}},"type":"cond-expr","locations":[{"start":{"line":191,"column":4},"end":{"line":196,"column":6}},{"start":{"line":197,"column":4},"end":{"line":197,"column":53}}],"line":190},"8":{"loc":{"start":{"line":192,"column":6},"end":{"line":192,"column":36}},"type":"if","locations":[{"start":{"line":192,"column":6},"end":{"line":192,"column":36}},{"start":{},"end":{}}],"line":192}},"s":{"0":4,"1":4,"2":4,"3":4,"4":4,"5":4,"6":4,"7":4,"8":4,"9":4,"10":4,"11":4,"12":4,"13":4,"14":4,"15":4,"16":4,"17":4,"18":4,"19":4,"20":0,"21":4,"22":4,"23":4,"24":4,"25":4,"26":0,"27":4,"28":0,"29":0,"30":4,"31":4,"32":4,"33":0,"34":4,"35":0,"36":0,"37":0,"38":0,"39":0,"40":0,"41":0,"42":0,"43":0,"44":0,"45":0,"46":0,"47":0,"48":0,"49":0,"50":0,"51":0,"52":0,"53":0,"54":0,"55":4,"56":0,"57":0,"58":0,"59":0,"60":0,"61":4,"62":0,"63":4,"64":4,"65":4,"66":2,"67":4},"f":{"0":0,"1":0,"2":0,"3":0,"4":0,"5":0,"6":0,"7":0,"8":0,"9":2},"b":{"0":[0,0],"1":[0,0],"2":[0,0],"3":[0,0],"4":[0,0],"5":[0,0],"6":[0,0],"7":[0,0],"8":[0,0]},"_coverageSchema":"1a1c01bbd47fc00a2c39e90264f33305004495a9","hash":"b0d34f5f8276a197770f3d6a9399396545a6af95"}
,"C:\\Users\\Utente\\Desktop\\Magistrale\\Softeng2\\TMP-Project2\\thesis-management-project\\code\\server\\model.js": {"path":"C:\\Users\\Utente\\Desktop\\Magistrale\\Softeng2\\TMP-Project2\\thesis-management-project\\code\\server\\model.js","statementMap":{"0":{"start":{"line":4,"column":4},"end":{"line":4,"column":17}},"1":{"start":{"line":5,"column":4},"end":{"line":5,"column":23}},"2":{"start":{"line":6,"column":4},"end":{"line":6,"column":33}},"3":{"start":{"line":7,"column":4},"end":{"line":7,"column":39}},"4":{"start":{"line":8,"column":4},"end":{"line":8,"column":29}},"5":{"start":{"line":9,"column":4},"end":{"line":9,"column":21}},"6":{"start":{"line":10,"column":4},"end":{"line":10,"column":25}},"7":{"start":{"line":11,"column":4},"end":{"line":11,"column":35}},"8":{"start":{"line":12,"column":4},"end":{"line":12,"column":37}},"9":{"start":{"line":13,"column":4},"end":{"line":13,"column":23}},"10":{"start":{"line":14,"column":4},"end":{"line":14,"column":33}},"11":{"start":{"line":15,"column":4},"end":{"line":15,"column":23}},"12":{"start":{"line":16,"column":4},"end":{"line":16,"column":19}},"13":{"start":{"line":20,"column":4},"end":{"line":20,"column":31}},"14":{"start":{"line":21,"column":4},"end":{"line":21,"column":27}},"15":{"start":{"line":22,"column":4},"end":{"line":22,"column":31}},"16":{"start":{"line":23,"column":4},"end":{"line":23,"column":23}},"17":{"start":{"line":24,"column":4},"end":{"line":24,"column":29}},"18":{"start":{"line":28,"column":4},"end":{"line":28,"column":17}},"19":{"start":{"line":29,"column":4},"end":{"line":29,"column":27}},"20":{"start":{"line":30,"column":4},"end":{"line":30,"column":21}},"21":{"start":{"line":31,"column":4},"end":{"line":31,"column":25}},"22":{"start":{"line":32,"column":4},"end":{"line":32,"column":35}},"23":{"start":{"line":33,"column":4},"end":{"line":33,"column":23}},"24":{"start":{"line":34,"column":4},"end":{"line":34,"column":33}},"25":{"start":{"line":35,"column":4},"end":{"line":35,"column":41}},"26":{"start":{"line":39,"column":4},"end":{"line":39,"column":17}},"27":{"start":{"line":40,"column":4},"end":{"line":40,"column":27}},"28":{"start":{"line":41,"column":4},"end":{"line":41,"column":21}},"29":{"start":{"line":42,"column":4},"end":{"line":42,"column":23}},"30":{"start":{"line":43,"column":4},"end":{"line":43,"column":31}},"31":{"start":{"line":44,"column":4},"end":{"line":44,"column":41}},"32":{"start":{"line":49,"column":0},"end":{"line":49,"column":62}}},"fnMap":{"0":{"name":"ThesisProposal","decl":{"start":{"line":3,"column":9},"end":{"line":3,"column":23}},"loc":{"start":{"line":3,"column":144},"end":{"line":17,"column":1}},"line":3},"1":{"name":"Application","decl":{"start":{"line":19,"column":9},"end":{"line":19,"column":20}},"loc":{"start":{"line":19,"column":68},"end":{"line":26,"column":1}},"line":19},"2":{"name":"Student","decl":{"start":{"line":27,"column":9},"end":{"line":27,"column":16}},"loc":{"start":{"line":27,"column":92},"end":{"line":36,"column":3}},"line":27},"3":{"name":"Teacher","decl":{"start":{"line":38,"column":11},"end":{"line":38,"column":18}},"loc":{"start":{"line":38,"column":72},"end":{"line":45,"column":1}},"line":38}},"branchMap":{},"s":{"0":0,"1":0,"2":0,"3":0,"4":0,"5":0,"6":0,"7":0,"8":0,"9":0,"10":0,"11":0,"12":0,"13":0,"14":0,"15":0,"16":0,"17":0,"18":0,"19":0,"20":0,"21":0,"22":0,"23":0,"24":0,"25":0,"26":0,"27":0,"28":0,"29":0,"30":0,"31":0,"32":4},"f":{"0":0,"1":0,"2":0,"3":0},"b":{},"_coverageSchema":"1a1c01bbd47fc00a2c39e90264f33305004495a9","hash":"b171d50e06c3af08bf8da9e2eccc8306ee665fbd"}
,"C:\\Users\\Utente\\Desktop\\Magistrale\\Softeng2\\TMP-Project2\\thesis-management-project\\code\\server\\routes\\router.js": {"path":"C:\\Users\\Utente\\Desktop\\Magistrale\\Softeng2\\TMP-Project2\\thesis-management-project\\code\\server\\routes\\router.js","statementMap":{"0":{"start":{"line":1,"column":16},"end":{"line":1,"column":34}},"1":{"start":{"line":2,"column":13},"end":{"line":2,"column":38}},"2":{"start":{"line":3,"column":16},"end":{"line":3,"column":50}},"3":{"start":{"line":4,"column":18},"end":{"line":4,"column":54}},"4":{"start":{"line":5,"column":16},"end":{"line":5,"column":50}},"5":{"start":{"line":6,"column":14},"end":{"line":6,"column":41}},"6":{"start":{"line":8,"column":15},"end":{"line":8,"column":31}},"7":{"start":{"line":11,"column":0},"end":{"line":11,"column":37}},"8":{"start":{"line":12,"column":0},"end":{"line":12,"column":56}},"9":{"start":{"line":13,"column":0},"end":{"line":13,"column":65}},"10":{"start":{"line":16,"column":0},"end":{"line":16,"column":50}},"11":{"start":{"line":19,"column":0},"end":{"line":19,"column":77}},"12":{"start":{"line":23,"column":0},"end":{"line":23,"column":88}},"13":{"start":{"line":26,"column":0},"end":{"line":26,"column":65}},"14":{"start":{"line":27,"column":0},"end":{"line":27,"column":49}},"15":{"start":{"line":28,"column":0},"end":{"line":28,"column":73}},"16":{"start":{"line":30,"column":0},"end":{"line":30,"column":91}},"17":{"start":{"line":31,"column":0},"end":{"line":31,"column":88}},"18":{"start":{"line":36,"column":0},"end":{"line":36,"column":53}},"19":{"start":{"line":38,"column":0},"end":{"line":38,"column":24}}},"fnMap":{},"branchMap":{},"s":{"0":4,"1":4,"2":4,"3":4,"4":4,"5":4,"6":4,"7":4,"8":4,"9":4,"10":4,"11":4,"12":4,"13":4,"14":4,"15":4,"16":4,"17":4,"18":4,"19":4},"f":{},"b":{},"_coverageSchema":"1a1c01bbd47fc00a2c39e90264f33305004495a9","hash":"034b2459b8db88697fe99415d9d5b367e84ad779"}
,"C:\\Users\\Utente\\Desktop\\Magistrale\\Softeng2\\TMP-Project2\\thesis-management-project\\code\\server\\routes\\auth\\auth.js": {"path":"C:\\Users\\Utente\\Desktop\\Magistrale\\Softeng2\\TMP-Project2\\thesis-management-project\\code\\server\\routes\\auth\\auth.js","statementMap":{"0":{"start":{"line":1,"column":17},"end":{"line":1,"column":36}},"1":{"start":{"line":3,"column":19},"end":{"line":8,"column":1}},"2":{"start":{"line":4,"column":2},"end":{"line":6,"column":3}},"3":{"start":{"line":5,"column":4},"end":{"line":5,"column":18}},"4":{"start":{"line":7,"column":2},"end":{"line":7,"column":59}},"5":{"start":{"line":10,"column":14},"end":{"line":33,"column":1}},"6":{"start":{"line":11,"column":2},"end":{"line":32,"column":21}},"7":{"start":{"line":12,"column":4},"end":{"line":13,"column":23}},"8":{"start":{"line":13,"column":6},"end":{"line":13,"column":23}},"9":{"start":{"line":14,"column":4},"end":{"line":17,"column":5}},"10":{"start":{"line":16,"column":6},"end":{"line":16,"column":40}},"11":{"start":{"line":19,"column":4},"end":{"line":31,"column":7}},"12":{"start":{"line":20,"column":6},"end":{"line":21,"column":25}},"13":{"start":{"line":21,"column":8},"end":{"line":21,"column":25}},"14":{"start":{"line":23,"column":23},"end":{"line":29,"column":7}},"15":{"start":{"line":30,"column":6},"end":{"line":30,"column":44}},"16":{"start":{"line":35,"column":26},"end":{"line":48,"column":1}},"17":{"start":{"line":36,"column":2},"end":{"line":47,"column":3}},"18":{"start":{"line":37,"column":21},"end":{"line":43,"column":5}},"19":{"start":{"line":44,"column":4},"end":{"line":44,"column":35}},"20":{"start":{"line":46,"column":4},"end":{"line":46,"column":57}},"21":{"start":{"line":50,"column":15},"end":{"line":55,"column":1}},"22":{"start":{"line":52,"column":2},"end":{"line":54,"column":5}},"23":{"start":{"line":53,"column":4},"end":{"line":53,"column":24}},"24":{"start":{"line":57,"column":0},"end":{"line":62,"column":2}}},"fnMap":{"0":{"name":"(anonymous_0)","decl":{"start":{"line":3,"column":19},"end":{"line":3,"column":20}},"loc":{"start":{"line":3,"column":39},"end":{"line":8,"column":1}},"line":3},"1":{"name":"(anonymous_1)","decl":{"start":{"line":10,"column":14},"end":{"line":10,"column":15}},"loc":{"start":{"line":10,"column":40},"end":{"line":33,"column":1}},"line":10},"2":{"name":"(anonymous_2)","decl":{"start":{"line":11,"column":33},"end":{"line":11,"column":34}},"loc":{"start":{"line":11,"column":54},"end":{"line":32,"column":3}},"line":11},"3":{"name":"(anonymous_3)","decl":{"start":{"line":19,"column":20},"end":{"line":19,"column":21}},"loc":{"start":{"line":19,"column":29},"end":{"line":31,"column":5}},"line":19},"4":{"name":"(anonymous_4)","decl":{"start":{"line":35,"column":26},"end":{"line":35,"column":27}},"loc":{"start":{"line":35,"column":40},"end":{"line":48,"column":1}},"line":35},"5":{"name":"(anonymous_5)","decl":{"start":{"line":50,"column":15},"end":{"line":50,"column":16}},"loc":{"start":{"line":50,"column":29},"end":{"line":55,"column":1}},"line":50},"6":{"name":"(anonymous_6)","decl":{"start":{"line":52,"column":13},"end":{"line":52,"column":14}},"loc":{"start":{"line":52,"column":19},"end":{"line":54,"column":3}},"line":52}},"branchMap":{"0":{"loc":{"start":{"line":4,"column":2},"end":{"line":6,"column":3}},"type":"if","locations":[{"start":{"line":4,"column":2},"end":{"line":6,"column":3}},{"start":{},"end":{}}],"line":4},"1":{"loc":{"start":{"line":12,"column":4},"end":{"line":13,"column":23}},"type":"if","locations":[{"start":{"line":12,"column":4},"end":{"line":13,"column":23}},{"start":{},"end":{}}],"line":12},"2":{"loc":{"start":{"line":14,"column":4},"end":{"line":17,"column":5}},"type":"if","locations":[{"start":{"line":14,"column":4},"end":{"line":17,"column":5}},{"start":{},"end":{}}],"line":14},"3":{"loc":{"start":{"line":20,"column":6},"end":{"line":21,"column":25}},"type":"if","locations":[{"start":{"line":20,"column":6},"end":{"line":21,"column":25}},{"start":{},"end":{}}],"line":20},"4":{"loc":{"start":{"line":28,"column":21},"end":{"line":28,"column":75}},"type":"cond-expr","locations":[{"start":{"line":28,"column":50},"end":{"line":28,"column":70}},{"start":{"line":28,"column":73},"end":{"line":28,"column":75}}],"line":28},"5":{"loc":{"start":{"line":36,"column":2},"end":{"line":47,"column":3}},"type":"if","locations":[{"start":{"line":36,"column":2},"end":{"line":47,"column":3}},{"start":{"line":45,"column":9},"end":{"line":47,"column":3}}],"line":36},"6":{"loc":{"start":{"line":42,"column":19},"end":{"line":42,"column":73}},"type":"cond-expr","locations":[{"start":{"line":42,"column":48},"end":{"line":42,"column":68}},{"start":{"line":42,"column":71},"end":{"line":42,"column":73}}],"line":42}},"s":{"0":4,"1":4,"2":3,"3":0,"4":3,"5":4,"6":1,"7":0,"8":0,"9":0,"10":0,"11":0,"12":0,"13":0,"14":0,"15":0,"16":4,"17":1,"18":0,"19":0,"20":1,"21":4,"22":0,"23":0,"24":4},"f":{"0":3,"1":1,"2":0,"3":0,"4":1,"5":0,"6":0},"b":{"0":[0,3],"1":[0,0],"2":[0,0],"3":[0,0],"4":[0,0],"5":[0,1],"6":[0,0]},"_coverageSchema":"1a1c01bbd47fc00a2c39e90264f33305004495a9","hash":"f026579a9ca74cbebb6cbc0c03097e0ef7740d22"}
,"C:\\Users\\Utente\\Desktop\\Magistrale\\Softeng2\\TMP-Project2\\thesis-management-project\\code\\server\\routes\\controller\\general.js": {"path":"C:\\Users\\Utente\\Desktop\\Magistrale\\Softeng2\\TMP-Project2\\thesis-management-project\\code\\server\\routes\\controller\\general.js","statementMap":{"0":{"start":{"line":1,"column":12},"end":{"line":1,"column":32}},"1":{"start":{"line":3,"column":27},"end":{"line":20,"column":1}},"2":{"start":{"line":4,"column":4},"end":{"line":4,"column":25}},"3":{"start":{"line":5,"column":24},"end":{"line":5,"column":26}},"4":{"start":{"line":6,"column":4},"end":{"line":6,"column":101}},"5":{"start":{"line":6,"column":18},"end":{"line":6,"column":100}},"6":{"start":{"line":7,"column":4},"end":{"line":9,"column":5}},"7":{"start":{"line":8,"column":8},"end":{"line":8,"column":45}},"8":{"start":{"line":10,"column":4},"end":{"line":19,"column":5}},"9":{"start":{"line":11,"column":26},"end":{"line":11,"column":69}},"10":{"start":{"line":12,"column":8},"end":{"line":16,"column":9}},"11":{"start":{"line":13,"column":12},"end":{"line":13,"column":51}},"12":{"start":{"line":15,"column":12},"end":{"line":15,"column":51}},"13":{"start":{"line":18,"column":8},"end":{"line":18,"column":47}},"14":{"start":{"line":21,"column":0},"end":{"line":23,"column":2}}},"fnMap":{"0":{"name":"(anonymous_0)","decl":{"start":{"line":3,"column":27},"end":{"line":3,"column":28}},"loc":{"start":{"line":3,"column":47},"end":{"line":20,"column":1}},"line":3}},"branchMap":{"0":{"loc":{"start":{"line":6,"column":4},"end":{"line":6,"column":101}},"type":"if","locations":[{"start":{"line":6,"column":4},"end":{"line":6,"column":101}},{"start":{},"end":{}}],"line":6},"1":{"loc":{"start":{"line":7,"column":4},"end":{"line":9,"column":5}},"type":"if","locations":[{"start":{"line":7,"column":4},"end":{"line":9,"column":5}},{"start":{},"end":{}}],"line":7},"2":{"loc":{"start":{"line":12,"column":8},"end":{"line":16,"column":9}},"type":"if","locations":[{"start":{"line":12,"column":8},"end":{"line":16,"column":9}},{"start":{"line":14,"column":15},"end":{"line":16,"column":9}}],"line":12}},"s":{"0":4,"1":4,"2":0,"3":0,"4":0,"5":0,"6":0,"7":0,"8":0,"9":0,"10":0,"11":0,"12":0,"13":0,"14":4},"f":{"0":0},"b":{"0":[0,0],"1":[0,0],"2":[0,0]},"_coverageSchema":"1a1c01bbd47fc00a2c39e90264f33305004495a9","hash":"a11269a98e57d8e38d66d6a3be3992c517a0cfea"}
,"C:\\Users\\Utente\\Desktop\\Magistrale\\Softeng2\\TMP-Project2\\thesis-management-project\\code\\server\\routes\\controller\\professor.js": {"path":"C:\\Users\\Utente\\Desktop\\Magistrale\\Softeng2\\TMP-Project2\\thesis-management-project\\code\\server\\routes\\controller\\professor.js","statementMap":{"0":{"start":{"line":1,"column":12},"end":{"line":1,"column":32}},"1":{"start":{"line":2,"column":15},"end":{"line":2,"column":37}},"2":{"start":{"line":4,"column":33},"end":{"line":22,"column":1}},"3":{"start":{"line":5,"column":4},"end":{"line":21,"column":5}},"4":{"start":{"line":6,"column":26},"end":{"line":6,"column":51}},"5":{"start":{"line":7,"column":8},"end":{"line":9,"column":9}},"6":{"start":{"line":8,"column":12},"end":{"line":8,"column":51}},"7":{"start":{"line":10,"column":26},"end":{"line":10,"column":50}},"8":{"start":{"line":11,"column":8},"end":{"line":18,"column":9}},"9":{"start":{"line":12,"column":12},"end":{"line":12,"column":51}},"10":{"start":{"line":14,"column":12},"end":{"line":17,"column":15}},"11":{"start":{"line":15,"column":46},"end":{"line":15,"column":101}},"12":{"start":{"line":16,"column":46},"end":{"line":16,"column":100}},"13":{"start":{"line":20,"column":8},"end":{"line":20,"column":49}},"14":{"start":{"line":24,"column":23},"end":{"line":35,"column":1}},"15":{"start":{"line":25,"column":4},"end":{"line":34,"column":5}},"16":{"start":{"line":26,"column":24},"end":{"line":26,"column":46}},"17":{"start":{"line":27,"column":8},"end":{"line":31,"column":9}},"18":{"start":{"line":28,"column":12},"end":{"line":28,"column":49}},"19":{"start":{"line":30,"column":12},"end":{"line":30,"column":49}},"20":{"start":{"line":33,"column":8},"end":{"line":33,"column":47}},"21":{"start":{"line":37,"column":26},"end":{"line":81,"column":1}},"22":{"start":{"line":38,"column":26},"end":{"line":38,"column":48}},"23":{"start":{"line":39,"column":23},"end":{"line":39,"column":42}},"24":{"start":{"line":40,"column":17},"end":{"line":40,"column":19}},"25":{"start":{"line":42,"column":4},"end":{"line":53,"column":5}},"26":{"start":{"line":43,"column":25},"end":{"line":43,"column":37}},"27":{"start":{"line":44,"column":8},"end":{"line":52,"column":9}},"28":{"start":{"line":45,"column":54},"end":{"line":45,"column":67}},"29":{"start":{"line":46,"column":12},"end":{"line":46,"column":47}},"30":{"start":{"line":47,"column":12},"end":{"line":47,"column":37}},"31":{"start":{"line":48,"column":26},"end":{"line":48,"column":62}},"32":{"start":{"line":49,"column":12},"end":{"line":51,"column":13}},"33":{"start":{"line":50,"column":16},"end":{"line":50,"column":35}},"34":{"start":{"line":54,"column":18},"end":{"line":54,"column":76}},"35":{"start":{"line":55,"column":4},"end":{"line":57,"column":5}},"36":{"start":{"line":56,"column":8},"end":{"line":56,"column":27}},"37":{"start":{"line":58,"column":19},"end":{"line":72,"column":5}},"38":{"start":{"line":74,"column":4},"end":{"line":80,"column":5}},"39":{"start":{"line":75,"column":23},"end":{"line":75,"column":58}},"40":{"start":{"line":76,"column":8},"end":{"line":76,"column":44}},"41":{"start":{"line":78,"column":8},"end":{"line":78,"column":47}},"42":{"start":{"line":82,"column":33},"end":{"line":108,"column":1}},"43":{"start":{"line":83,"column":4},"end":{"line":107,"column":5}},"44":{"start":{"line":84,"column":29},"end":{"line":84,"column":76}},"45":{"start":{"line":85,"column":8},"end":{"line":104,"column":18}},"46":{"start":{"line":86,"column":12},"end":{"line":86,"column":54}},"47":{"start":{"line":89,"column":41},"end":{"line":89,"column":43}},"48":{"start":{"line":91,"column":12},"end":{"line":100,"column":13}},"49":{"start":{"line":92,"column":36},"end":{"line":92,"column":76}},"50":{"start":{"line":93,"column":35},"end":{"line":93,"column":81}},"51":{"start":{"line":95,"column":16},"end":{"line":99,"column":19}},"52":{"start":{"line":101,"column":12},"end":{"line":103,"column":15}},"53":{"start":{"line":106,"column":8},"end":{"line":106,"column":49}},"54":{"start":{"line":110,"column":26},"end":{"line":153,"column":1}},"55":{"start":{"line":112,"column":21},"end":{"line":112,"column":40}},"56":{"start":{"line":113,"column":21},"end":{"line":113,"column":38}},"57":{"start":{"line":114,"column":20},"end":{"line":114,"column":38}},"58":{"start":{"line":115,"column":20},"end":{"line":115,"column":31}},"59":{"start":{"line":117,"column":4},"end":{"line":119,"column":5}},"60":{"start":{"line":118,"column":8},"end":{"line":118,"column":82}},"61":{"start":{"line":121,"column":4},"end":{"line":123,"column":5}},"62":{"start":{"line":122,"column":8},"end":{"line":122,"column":78}},"63":{"start":{"line":124,"column":4},"end":{"line":126,"column":5}},"64":{"start":{"line":125,"column":8},"end":{"line":125,"column":79}},"65":{"start":{"line":127,"column":4},"end":{"line":129,"column":5}},"66":{"start":{"line":128,"column":8},"end":{"line":128,"column":70}},"67":{"start":{"line":131,"column":4},"end":{"line":151,"column":5}},"68":{"start":{"line":132,"column":8},"end":{"line":139,"column":9}},"69":{"start":{"line":133,"column":32},"end":{"line":133,"column":89}},"70":{"start":{"line":134,"column":12},"end":{"line":134,"column":79}},"71":{"start":{"line":135,"column":12},"end":{"line":135,"column":80}},"72":{"start":{"line":136,"column":12},"end":{"line":136,"column":53}},"73":{"start":{"line":138,"column":12},"end":{"line":138,"column":51}},"74":{"start":{"line":141,"column":9},"end":{"line":151,"column":5}},"75":{"start":{"line":142,"column":8},"end":{"line":147,"column":9}},"76":{"start":{"line":143,"column":32},"end":{"line":143,"column":89}},"77":{"start":{"line":144,"column":12},"end":{"line":144,"column":53}},"78":{"start":{"line":146,"column":12},"end":{"line":146,"column":51}},"79":{"start":{"line":150,"column":8},"end":{"line":150,"column":73}},"80":{"start":{"line":157,"column":0},"end":{"line":163,"column":1}}},"fnMap":{"0":{"name":"(anonymous_0)","decl":{"start":{"line":4,"column":33},"end":{"line":4,"column":34}},"loc":{"start":{"line":4,"column":53},"end":{"line":22,"column":1}},"line":4},"1":{"name":"(anonymous_1)","decl":{"start":{"line":15,"column":41},"end":{"line":15,"column":42}},"loc":{"start":{"line":15,"column":46},"end":{"line":15,"column":101}},"line":15},"2":{"name":"(anonymous_2)","decl":{"start":{"line":16,"column":41},"end":{"line":16,"column":42}},"loc":{"start":{"line":16,"column":46},"end":{"line":16,"column":100}},"line":16},"3":{"name":"(anonymous_3)","decl":{"start":{"line":24,"column":23},"end":{"line":24,"column":24}},"loc":{"start":{"line":24,"column":43},"end":{"line":35,"column":1}},"line":24},"4":{"name":"(anonymous_4)","decl":{"start":{"line":37,"column":26},"end":{"line":37,"column":27}},"loc":{"start":{"line":37,"column":46},"end":{"line":81,"column":1}},"line":37},"5":{"name":"(anonymous_5)","decl":{"start":{"line":82,"column":33},"end":{"line":82,"column":34}},"loc":{"start":{"line":82,"column":53},"end":{"line":108,"column":1}},"line":82},"6":{"name":"(anonymous_6)","decl":{"start":{"line":110,"column":26},"end":{"line":110,"column":27}},"loc":{"start":{"line":110,"column":46},"end":{"line":153,"column":1}},"line":110}},"branchMap":{"0":{"loc":{"start":{"line":7,"column":8},"end":{"line":9,"column":9}},"type":"if","locations":[{"start":{"line":7,"column":8},"end":{"line":9,"column":9}},{"start":{},"end":{}}],"line":7},"1":{"loc":{"start":{"line":11,"column":8},"end":{"line":18,"column":9}},"type":"if","locations":[{"start":{"line":11,"column":8},"end":{"line":18,"column":9}},{"start":{"line":13,"column":15},"end":{"line":18,"column":9}}],"line":11},"2":{"loc":{"start":{"line":27,"column":8},"end":{"line":31,"column":9}},"type":"if","locations":[{"start":{"line":27,"column":8},"end":{"line":31,"column":9}},{"start":{"line":29,"column":15},"end":{"line":31,"column":9}}],"line":27},"3":{"loc":{"start":{"line":44,"column":8},"end":{"line":52,"column":9}},"type":"if","locations":[{"start":{"line":44,"column":8},"end":{"line":52,"column":9}},{"start":{},"end":{}}],"line":44},"4":{"loc":{"start":{"line":49,"column":12},"end":{"line":51,"column":13}},"type":"if","locations":[{"start":{"line":49,"column":12},"end":{"line":51,"column":13}},{"start":{},"end":{}}],"line":49},"5":{"loc":{"start":{"line":55,"column":4},"end":{"line":57,"column":5}},"type":"if","locations":[{"start":{"line":55,"column":4},"end":{"line":57,"column":5}},{"start":{},"end":{}}],"line":55},"6":{"loc":{"start":{"line":85,"column":8},"end":{"line":104,"column":18}},"type":"if","locations":[{"start":{"line":85,"column":8},"end":{"line":104,"column":18}},{"start":{"line":88,"column":13},"end":{"line":104,"column":18}}],"line":85},"7":{"loc":{"start":{"line":117,"column":4},"end":{"line":119,"column":5}},"type":"if","locations":[{"start":{"line":117,"column":4},"end":{"line":119,"column":5}},{"start":{},"end":{}}],"line":117},"8":{"loc":{"start":{"line":121,"column":4},"end":{"line":123,"column":5}},"type":"if","locations":[{"start":{"line":121,"column":4},"end":{"line":123,"column":5}},{"start":{},"end":{}}],"line":121},"9":{"loc":{"start":{"line":124,"column":4},"end":{"line":126,"column":5}},"type":"if","locations":[{"start":{"line":124,"column":4},"end":{"line":126,"column":5}},{"start":{},"end":{}}],"line":124},"10":{"loc":{"start":{"line":127,"column":4},"end":{"line":129,"column":5}},"type":"if","locations":[{"start":{"line":127,"column":4},"end":{"line":129,"column":5}},{"start":{},"end":{}}],"line":127},"11":{"loc":{"start":{"line":127,"column":8},"end":{"line":127,"column":64}},"type":"binary-expr","locations":[{"start":{"line":127,"column":8},"end":{"line":127,"column":23}},{"start":{"line":127,"column":27},"end":{"line":127,"column":64}}],"line":127},"12":{"loc":{"start":{"line":131,"column":4},"end":{"line":151,"column":5}},"type":"if","locations":[{"start":{"line":131,"column":4},"end":{"line":151,"column":5}},{"start":{"line":141,"column":9},"end":{"line":151,"column":5}}],"line":131},"13":{"loc":{"start":{"line":141,"column":9},"end":{"line":151,"column":5}},"type":"if","locations":[{"start":{"line":141,"column":9},"end":{"line":151,"column":5}},{"start":{"line":149,"column":9},"end":{"line":151,"column":5}}],"line":141}},"s":{"0":4,"1":4,"2":4,"3":1,"4":1,"5":1,"6":1,"7":0,"8":0,"9":0,"10":0,"11":0,"12":0,"13":0,"14":4,"15":3,"16":3,"17":2,"18":2,"19":0,"20":1,"21":4,"22":0,"23":0,"24":0,"25":0,"26":0,"27":0,"28":0,"29":0,"30":0,"31":0,"32":0,"33":0,"34":0,"35":0,"36":0,"37":0,"38":0,"39":0,"40":0,"41":0,"42":4,"43":0,"44":0,"45":0,"46":0,"47":0,"48":0,"49":0,"50":0,"51":0,"52":0,"53":0,"54":4,"55":0,"56":0,"57":0,"58":0,"59":0,"60":0,"61":0,"62":0,"63":0,"64":0,"65":0,"66":0,"67":0,"68":0,"69":0,"70":0,"71":0,"72":0,"73":0,"74":0,"75":0,"76":0,"77":0,"78":0,"79":0,"80":4},"f":{"0":1,"1":0,"2":0,"3":3,"4":0,"5":0,"6":0},"b":{"0":[1,0],"1":[0,0],"2":[2,0],"3":[0,0],"4":[0,0],"5":[0,0],"6":[0,0],"7":[0,0],"8":[0,0],"9":[0,0],"10":[0,0],"11":[0,0],"12":[0,0],"13":[0,0]},"_coverageSchema":"1a1c01bbd47fc00a2c39e90264f33305004495a9","hash":"2f49101910478727ebf842b54cfde13f2d5eee5d"}
,"C:\\Users\\Utente\\Desktop\\Magistrale\\Softeng2\\TMP-Project2\\thesis-management-project\\code\\server\\routes\\controller\\student.js": {"path":"C:\\Users\\Utente\\Desktop\\Magistrale\\Softeng2\\TMP-Project2\\thesis-management-project\\code\\server\\routes\\controller\\student.js","statementMap":{"0":{"start":{"line":1,"column":12},"end":{"line":1,"column":32}},"1":{"start":{"line":2,"column":14},"end":{"line":2,"column":30}},"2":{"start":{"line":4,"column":29},"end":{"line":23,"column":1}},"3":{"start":{"line":5,"column":22},"end":{"line":5,"column":40}},"4":{"start":{"line":6,"column":23},"end":{"line":6,"column":42}},"5":{"start":{"line":7,"column":22},"end":{"line":7,"column":40}},"6":{"start":{"line":8,"column":22},"end":{"line":8,"column":59}},"7":{"start":{"line":9,"column":19},"end":{"line":9,"column":28}},"8":{"start":{"line":11,"column":4},"end":{"line":13,"column":5}},"9":{"start":{"line":12,"column":8},"end":{"line":12,"column":115}},"10":{"start":{"line":14,"column":4},"end":{"line":22,"column":5}},"11":{"start":{"line":15,"column":24},"end":{"line":15,"column":109}},"12":{"start":{"line":16,"column":8},"end":{"line":16,"column":45}},"13":{"start":{"line":18,"column":8},"end":{"line":20,"column":9}},"14":{"start":{"line":19,"column":12},"end":{"line":19,"column":85}},"15":{"start":{"line":21,"column":8},"end":{"line":21,"column":47}},"16":{"start":{"line":25,"column":34},"end":{"line":58,"column":1}},"17":{"start":{"line":31,"column":22},"end":{"line":31,"column":33}},"18":{"start":{"line":32,"column":4},"end":{"line":57,"column":5}},"19":{"start":{"line":33,"column":29},"end":{"line":33,"column":75}},"20":{"start":{"line":34,"column":8},"end":{"line":54,"column":9}},"21":{"start":{"line":35,"column":12},"end":{"line":35,"column":54}},"22":{"start":{"line":37,"column":41},"end":{"line":37,"column":43}},"23":{"start":{"line":39,"column":12},"end":{"line":50,"column":13}},"24":{"start":{"line":40,"column":36},"end":{"line":40,"column":76}},"25":{"start":{"line":41,"column":35},"end":{"line":41,"column":81}},"26":{"start":{"line":42,"column":34},"end":{"line":42,"column":74}},"27":{"start":{"line":44,"column":16},"end":{"line":49,"column":19}},"28":{"start":{"line":51,"column":12},"end":{"line":53,"column":15}},"29":{"start":{"line":56,"column":8},"end":{"line":56,"column":47}},"30":{"start":{"line":73,"column":1},"end":{"line":77,"column":3}}},"fnMap":{"0":{"name":"(anonymous_0)","decl":{"start":{"line":4,"column":29},"end":{"line":4,"column":30}},"loc":{"start":{"line":4,"column":49},"end":{"line":23,"column":1}},"line":4},"1":{"name":"(anonymous_1)","decl":{"start":{"line":25,"column":34},"end":{"line":25,"column":35}},"loc":{"start":{"line":25,"column":53},"end":{"line":58,"column":1}},"line":25}},"branchMap":{"0":{"loc":{"start":{"line":11,"column":4},"end":{"line":13,"column":5}},"type":"if","locations":[{"start":{"line":11,"column":4},"end":{"line":13,"column":5}},{"start":{},"end":{}}],"line":11},"1":{"loc":{"start":{"line":18,"column":8},"end":{"line":20,"column":9}},"type":"if","locations":[{"start":{"line":18,"column":8},"end":{"line":20,"column":9}},{"start":{},"end":{}}],"line":18},"2":{"loc":{"start":{"line":34,"column":8},"end":{"line":54,"column":9}},"type":"if","locations":[{"start":{"line":34,"column":8},"end":{"line":54,"column":9}},{"start":{"line":36,"column":15},"end":{"line":54,"column":9}}],"line":34}},"s":{"0":4,"1":4,"2":4,"3":0,"4":0,"5":0,"6":0,"7":0,"8":0,"9":0,"10":0,"11":0,"12":0,"13":0,"14":0,"15":0,"16":4,"17":0,"18":0,"19":0,"20":0,"21":0,"22":0,"23":0,"24":0,"25":0,"26":0,"27":0,"28":0,"29":0,"30":4},"f":{"0":0,"1":0},"b":{"0":[0,0],"1":[0,0],"2":[0,0]},"_coverageSchema":"1a1c01bbd47fc00a2c39e90264f33305004495a9","hash":"98ed7c0c4ff0626bdc9836e65e03e6b45e0f317b"}
,"C:\\Users\\Utente\\Desktop\\Magistrale\\Softeng2\\TMP-Project2\\thesis-management-project\\code\\server\\routes\\utils\\utils.js": {"path":"C:\\Users\\Utente\\Desktop\\Magistrale\\Softeng2\\TMP-Project2\\thesis-management-project\\code\\server\\routes\\utils\\utils.js","statementMap":{"0":{"start":{"line":1,"column":12},"end":{"line":1,"column":32}},"1":{"start":{"line":2,"column":14},"end":{"line":2,"column":30}},"2":{"start":{"line":3,"column":26},"end":{"line":3,"column":67}},"3":{"start":{"line":4,"column":15},"end":{"line":4,"column":37}},"4":{"start":{"line":6,"column":0},"end":{"line":6,"column":32}},"5":{"start":{"line":8,"column":27},"end":{"line":77,"column":1}},"6":{"start":{"line":9,"column":30},"end":{"line":9,"column":56}},"7":{"start":{"line":10,"column":4},"end":{"line":76,"column":5}},"8":{"start":{"line":11,"column":36},"end":{"line":11,"column":37}},"9":{"start":{"line":12,"column":33},"end":{"line":12,"column":81}},"10":{"start":{"line":13,"column":34},"end":{"line":13,"column":83}},"11":{"start":{"line":15,"column":8},"end":{"line":42,"column":9}},"12":{"start":{"line":16,"column":12},"end":{"line":41,"column":13}},"13":{"start":{"line":18,"column":16},"end":{"line":39,"column":23}},"14":{"start":{"line":34,"column":24},"end":{"line":34,"column":49}},"15":{"start":{"line":35,"column":24},"end":{"line":35,"column":48}},"16":{"start":{"line":38,"column":24},"end":{"line":38,"column":63}},"17":{"start":{"line":44,"column":8},"end":{"line":70,"column":9}},"18":{"start":{"line":45,"column":12},"end":{"line":69,"column":13}},"19":{"start":{"line":47,"column":16},"end":{"line":68,"column":23}},"20":{"start":{"line":63,"column":24},"end":{"line":63,"column":61}},"21":{"start":{"line":64,"column":24},"end":{"line":64,"column":48}},"22":{"start":{"line":67,"column":24},"end":{"line":67,"column":63}},"23":{"start":{"line":73,"column":8},"end":{"line":73,"column":59}},"24":{"start":{"line":75,"column":8},"end":{"line":75,"column":47}},"25":{"start":{"line":79,"column":0},"end":{"line":81,"column":1}}},"fnMap":{"0":{"name":"(anonymous_0)","decl":{"start":{"line":8,"column":27},"end":{"line":8,"column":28}},"loc":{"start":{"line":8,"column":46},"end":{"line":77,"column":1}},"line":8},"1":{"name":"(anonymous_1)","decl":{"start":{"line":33,"column":26},"end":{"line":33,"column":27}},"loc":{"start":{"line":33,"column":32},"end":{"line":36,"column":21}},"line":33},"2":{"name":"(anonymous_2)","decl":{"start":{"line":37,"column":28},"end":{"line":37,"column":29}},"loc":{"start":{"line":37,"column":35},"end":{"line":39,"column":21}},"line":37},"3":{"name":"(anonymous_3)","decl":{"start":{"line":62,"column":26},"end":{"line":62,"column":27}},"loc":{"start":{"line":62,"column":32},"end":{"line":65,"column":21}},"line":62},"4":{"name":"(anonymous_4)","decl":{"start":{"line":66,"column":29},"end":{"line":66,"column":30}},"loc":{"start":{"line":66,"column":36},"end":{"line":68,"column":21}},"line":66}},"branchMap":{"0":{"loc":{"start":{"line":15,"column":8},"end":{"line":42,"column":9}},"type":"if","locations":[{"start":{"line":15,"column":8},"end":{"line":42,"column":9}},{"start":{},"end":{}}],"line":15},"1":{"loc":{"start":{"line":15,"column":11},"end":{"line":15,"column":65}},"type":"binary-expr","locations":[{"start":{"line":15,"column":11},"end":{"line":15,"column":38}},{"start":{"line":15,"column":42},"end":{"line":15,"column":65}}],"line":15},"2":{"loc":{"start":{"line":44,"column":8},"end":{"line":70,"column":9}},"type":"if","locations":[{"start":{"line":44,"column":8},"end":{"line":70,"column":9}},{"start":{},"end":{}}],"line":44},"3":{"loc":{"start":{"line":44,"column":11},"end":{"line":44,"column":67}},"type":"binary-expr","locations":[{"start":{"line":44,"column":11},"end":{"line":44,"column":39}},{"start":{"line":44,"column":43},"end":{"line":44,"column":67}}],"line":44}},"s":{"0":4,"1":4,"2":4,"3":4,"4":4,"5":4,"6":0,"7":0,"8":0,"9":0,"10":0,"11":0,"12":0,"13":0,"14":0,"15":0,"16":0,"17":0,"18":0,"19":0,"20":0,"21":0,"22":0,"23":0,"24":0,"25":4},"f":{"0":0,"1":0,"2":0,"3":0,"4":0},"b":{"0":[0,0],"1":[0,0],"2":[0,0],"3":[0,0]},"_coverageSchema":"1a1c01bbd47fc00a2c39e90264f33305004495a9","hash":"9d0caf766e1d618ae8dcf93dabfe45c88833acd6"}
}
