TN:
SF:dao.js
FN:11,(anonymous_0)
FN:12,(anonymous_1)
FN:17,(anonymous_2)
FN:28,(anonymous_3)
FN:29,(anonymous_4)
FN:35,(anonymous_5)
FN:47,(anonymous_6)
FN:66,(anonymous_7)
FN:67,(anonymous_8)
FN:95,(anonymous_9)
FN:96,(anonymous_10)
FN:101,(anonymous_11)
FN:125,(anonymous_12)
FN:126,(anonymous_13)
FN:131,(anonymous_14)
FN:138,(anonymous_15)
FN:150,(anonymous_16)
FN:151,(anonymous_17)
FN:156,(anonymous_18)
FN:162,(anonymous_19)
FN:175,(anonymous_20)
FN:176,(anonymous_21)
FN:181,(anonymous_22)
FN:187,(anonymous_23)
FN:199,(anonymous_24)
FN:200,(anonymous_25)
FN:205,(anonymous_26)
FN:211,(anonymous_27)
FN:219,(anonymous_28)
FN:220,(anonymous_29)
FN:225,(anonymous_30)
FN:239,(anonymous_31)
FN:240,(anonymous_32)
FN:247,(anonymous_33)
FN:258,(anonymous_34)
FN:259,(anonymous_35)
FN:264,(anonymous_36)
FN:275,(anonymous_37)
FN:277,(anonymous_38)
FN:283,(anonymous_39)
FN:302,(anonymous_40)
FN:303,(anonymous_41)
FN:309,(anonymous_42)
FN:326,(anonymous_43)
FN:327,(anonymous_44)
FN:333,(anonymous_45)
FN:351,(anonymous_46)
FN:352,(anonymous_47)
FN:358,(anonymous_48)
FN:375,(anonymous_49)
FN:376,(anonymous_50)
FN:381,(anonymous_51)
FN:387,(anonymous_52)
FN:397,(anonymous_53)
FN:398,(anonymous_54)
FN:404,(anonymous_55)
FN:434,(anonymous_56)
FN:435,(anonymous_57)
FN:440,(anonymous_58)
FN:463,(anonymous_59)
FN:465,(anonymous_60)
FN:470,(anonymous_61)
FN:477,(anonymous_62)
FN:482,(anonymous_63)
FN:506,(anonymous_64)
FN:508,(anonymous_65)
FN:513,(anonymous_66)
FN:520,(anonymous_67)
FN:525,(anonymous_68)
FN:549,(anonymous_69)
FN:550,(anonymous_70)
FN:557,(anonymous_71)
FN:568,(anonymous_72)
FN:569,(anonymous_73)
FN:574,(anonymous_74)
FNF:75
FNH:6
FNDA:0,(anonymous_0)
FNDA:0,(anonymous_1)
FNDA:0,(anonymous_2)
FNDA:0,(anonymous_3)
FNDA:0,(anonymous_4)
FNDA:0,(anonymous_5)
FNDA:0,(anonymous_6)
FNDA:0,(anonymous_7)
FNDA:0,(anonymous_8)
FNDA:0,(anonymous_9)
FNDA:0,(anonymous_10)
FNDA:0,(anonymous_11)
FNDA:0,(anonymous_12)
FNDA:0,(anonymous_13)
FNDA:0,(anonymous_14)
FNDA:0,(anonymous_15)
FNDA:1,(anonymous_16)
FNDA:1,(anonymous_17)
FNDA:1,(anonymous_18)
FNDA:0,(anonymous_19)
FNDA:0,(anonymous_20)
FNDA:0,(anonymous_21)
FNDA:0,(anonymous_22)
FNDA:0,(anonymous_23)
FNDA:2,(anonymous_24)
FNDA:2,(anonymous_25)
FNDA:2,(anonymous_26)
FNDA:0,(anonymous_27)
FNDA:0,(anonymous_28)
FNDA:0,(anonymous_29)
FNDA:0,(anonymous_30)
FNDA:0,(anonymous_31)
FNDA:0,(anonymous_32)
FNDA:0,(anonymous_33)
FNDA:0,(anonymous_34)
FNDA:0,(anonymous_35)
FNDA:0,(anonymous_36)
FNDA:0,(anonymous_37)
FNDA:0,(anonymous_38)
FNDA:0,(anonymous_39)
FNDA:0,(anonymous_40)
FNDA:0,(anonymous_41)
FNDA:0,(anonymous_42)
FNDA:0,(anonymous_43)
FNDA:0,(anonymous_44)
FNDA:0,(anonymous_45)
FNDA:0,(anonymous_46)
FNDA:0,(anonymous_47)
FNDA:0,(anonymous_48)
FNDA:0,(anonymous_49)
FNDA:0,(anonymous_50)
FNDA:0,(anonymous_51)
FNDA:0,(anonymous_52)
FNDA:0,(anonymous_53)
FNDA:0,(anonymous_54)
FNDA:0,(anonymous_55)
FNDA:0,(anonymous_56)
FNDA:0,(anonymous_57)
FNDA:0,(anonymous_58)
FNDA:0,(anonymous_59)
FNDA:0,(anonymous_60)
FNDA:0,(anonymous_61)
FNDA:0,(anonymous_62)
FNDA:0,(anonymous_63)
FNDA:0,(anonymous_64)
FNDA:0,(anonymous_65)
FNDA:0,(anonymous_66)
FNDA:0,(anonymous_67)
FNDA:0,(anonymous_68)
FNDA:0,(anonymous_69)
FNDA:0,(anonymous_70)
FNDA:0,(anonymous_71)
FNDA:0,(anonymous_72)
FNDA:0,(anonymous_73)
FNDA:0,(anonymous_74)
DA:1,4
DA:2,4
DA:3,4
DA:4,4
DA:5,4
DA:7,4
DA:8,4
DA:11,4
DA:12,0
DA:13,0
DA:14,0
DA:18,0
DA:19,0
DA:21,0
DA:28,4
DA:29,0
DA:30,0
DA:32,0
DA:36,0
DA:37,0
DA:38,0
DA:39,0
DA:45,0
DA:47,0
DA:62,0
DA:65,0
DA:66,0
DA:67,0
DA:84,0
DA:85,0
DA:87,0
DA:95,4
DA:96,0
DA:97,0
DA:98,0
DA:102,0
DA:103,0
DA:104,0
DA:105,0
DA:109,0
DA:119,0
DA:125,4
DA:126,0
DA:127,0
DA:128,0
DA:132,0
DA:133,0
DA:135,0
DA:136,0
DA:138,0
DA:139,0
DA:141,0
DA:142,0
DA:150,4
DA:151,1
DA:152,1
DA:153,1
DA:157,1
DA:158,0
DA:159,1
DA:160,1
DA:162,0
DA:168,0
DA:175,4
DA:176,0
DA:177,0
DA:178,0
DA:182,0
DA:183,0
DA:184,0
DA:185,0
DA:187,0
DA:192,0
DA:199,4
DA:200,2
DA:201,2
DA:202,2
DA:206,2
DA:207,0
DA:208,2
DA:209,2
DA:211,0
DA:212,0
DA:219,4
DA:220,0
DA:221,0
DA:222,0
DA:226,0
DA:227,0
DA:228,0
DA:229,0
DA:231,0
DA:239,4
DA:240,0
DA:241,0
DA:244,0
DA:248,0
DA:249,0
DA:251,0
DA:258,4
DA:259,0
DA:260,0
DA:261,0
DA:265,0
DA:266,0
DA:268,0
DA:275,4
DA:276,0
DA:277,0
DA:278,0
DA:280,0
DA:284,0
DA:285,0
DA:286,0
DA:287,0
DA:290,0
DA:294,0
DA:302,4
DA:303,0
DA:304,0
DA:306,0
DA:310,0
DA:311,0
DA:312,0
DA:313,0
DA:315,0
DA:319,0
DA:326,4
DA:327,0
DA:328,0
DA:330,0
DA:334,0
DA:335,0
DA:336,0
DA:337,0
DA:340,0
DA:344,0
DA:351,4
DA:352,0
DA:353,0
DA:355,0
DA:359,0
DA:360,0
DA:361,0
DA:362,0
DA:365,0
DA:369,0
DA:375,4
DA:376,0
DA:377,0
DA:378,0
DA:382,0
DA:383,0
DA:384,0
DA:385,0
DA:387,0
DA:388,0
DA:390,0
DA:397,4
DA:398,0
DA:399,0
DA:401,0
DA:405,0
DA:406,0
DA:407,0
DA:408,0
DA:412,0
DA:428,0
DA:434,4
DA:435,0
DA:436,0
DA:437,0
DA:441,0
DA:442,0
DA:443,0
DA:444,0
DA:448,0
DA:456,0
DA:463,4
DA:464,0
DA:465,0
DA:466,0
DA:467,0
DA:471,0
DA:472,0
DA:473,0
DA:474,0
DA:476,0
DA:478,0
DA:479,0
DA:480,0
DA:483,0
DA:499,0
DA:506,4
DA:507,0
DA:508,0
DA:509,0
DA:510,0
DA:514,0
DA:515,0
DA:516,0
DA:517,0
DA:519,0
DA:521,0
DA:522,0
DA:523,0
DA:526,0
DA:542,0
DA:549,4
DA:550,0
DA:551,0
DA:554,0
DA:558,0
DA:559,0
DA:561,0
DA:568,4
DA:569,0
DA:570,0
DA:571,0
DA:575,0
DA:576,0
DA:578,0
LF:222
LH:40
BRDA:18,0,0,0
BRDA:18,0,1,0
BRDA:36,1,0,0
BRDA:36,1,1,0
BRDA:38,2,0,0
BRDA:38,2,1,0
BRDA:40,3,0,0
BRDA:40,3,1,0
BRDA:45,4,0,0
BRDA:45,4,1,0
BRDA:84,5,0,0
BRDA:84,5,1,0
BRDA:102,6,0,0
BRDA:102,6,1,0
BRDA:104,7,0,0
BRDA:104,7,1,0
BRDA:132,8,0,0
BRDA:132,8,1,0
BRDA:135,9,0,0
BRDA:135,9,1,0
BRDA:135,10,0,0
BRDA:135,10,1,0
BRDA:135,10,2,0
BRDA:157,11,0,0
BRDA:157,11,1,1
BRDA:159,12,0,1
BRDA:159,12,1,0
BRDA:182,13,0,0
BRDA:182,13,1,0
BRDA:184,14,0,0
BRDA:184,14,1,0
BRDA:206,15,0,0
BRDA:206,15,1,2
BRDA:208,16,0,2
BRDA:208,16,1,0
BRDA:226,17,0,0
BRDA:226,17,1,0
BRDA:228,18,0,0
BRDA:228,18,1,0
BRDA:248,19,0,0
BRDA:248,19,1,0
BRDA:265,20,0,0
BRDA:265,20,1,0
BRDA:284,21,0,0
BRDA:284,21,1,0
BRDA:286,22,0,0
BRDA:286,22,1,0
BRDA:310,23,0,0
BRDA:310,23,1,0
BRDA:312,24,0,0
BRDA:312,24,1,0
BRDA:334,25,0,0
BRDA:334,25,1,0
BRDA:336,26,0,0
BRDA:336,26,1,0
BRDA:359,27,0,0
BRDA:359,27,1,0
BRDA:361,28,0,0
BRDA:361,28,1,0
BRDA:382,29,0,0
BRDA:382,29,1,0
BRDA:384,30,0,0
BRDA:384,30,1,0
BRDA:405,31,0,0
BRDA:405,31,1,0
BRDA:407,32,0,0
BRDA:407,32,1,0
BRDA:441,33,0,0
BRDA:441,33,1,0
BRDA:443,34,0,0
BRDA:443,34,1,0
BRDA:471,35,0,0
BRDA:471,35,1,0
BRDA:473,36,0,0
BRDA:473,36,1,0
BRDA:479,37,0,0
BRDA:479,37,1,0
BRDA:514,38,0,0
BRDA:514,38,1,0
BRDA:516,39,0,0
BRDA:516,39,1,0
BRDA:522,40,0,0
BRDA:522,40,1,0
BRDA:558,41,0,0
BRDA:558,41,1,0
BRDA:575,42,0,0
BRDA:575,42,1,0
BRF:87
BRH:4
end_of_record
TN:
SF:daoUsers.js
FN:24,(anonymous_0)
FN:27,(anonymous_1)
FN:30,(anonymous_2)
FN:55,(anonymous_3)
FN:56,(anonymous_4)
FN:58,(anonymous_5)
FN:67,(anonymous_6)
FN:68,(anonymous_7)
FN:70,(anonymous_8)
FN:80,(anonymous_9)
FN:81,(anonymous_10)
FN:83,(anonymous_11)
FN:92,(anonymous_12)
FN:93,(anonymous_13)
FN:95,(anonymous_14)
FNF:15
FNH:0
FNDA:0,(anonymous_0)
FNDA:0,(anonymous_1)
FNDA:0,(anonymous_2)
FNDA:0,(anonymous_3)
FNDA:0,(anonymous_4)
FNDA:0,(anonymous_5)
FNDA:0,(anonymous_6)
FNDA:0,(anonymous_7)
FNDA:0,(anonymous_8)
FNDA:0,(anonymous_9)
FNDA:0,(anonymous_10)
FNDA:0,(anonymous_11)
FNDA:0,(anonymous_12)
FNDA:0,(anonymous_13)
FNDA:0,(anonymous_14)
DA:1,4
DA:2,4
DA:3,4
DA:24,4
DA:27,0
DA:28,0
DA:30,0
DA:31,0
DA:32,0
DA:34,0
DA:35,0
DA:38,0
DA:39,0
DA:40,0
DA:41,0
DA:43,0
DA:45,0
DA:55,4
DA:56,0
DA:57,0
DA:58,0
DA:59,0
DA:60,0
DA:62,0
DA:67,4
DA:68,0
DA:69,0
DA:70,0
DA:71,0
DA:72,0
DA:74,0
DA:80,4
DA:81,0
DA:82,0
DA:83,0
DA:84,0
DA:85,0
DA:87,0
DA:92,4
DA:93,0
DA:94,0
DA:95,0
DA:96,0
DA:97,0
DA:99,0
LF:45
LH:8
BRDA:31,0,0,0
BRDA:31,0,1,0
BRDA:34,1,0,0
BRDA:34,1,1,0
BRDA:41,2,0,0
BRDA:41,2,1,0
BRDA:59,3,0,0
BRDA:59,3,1,0
BRDA:71,4,0,0
BRDA:71,4,1,0
BRDA:84,5,0,0
BRDA:84,5,1,0
BRDA:96,6,0,0
BRDA:96,6,1,0
BRF:14
BRH:0
end_of_record
TN:
SF:db.js
FN:10,(anonymous_0)
FN:17,(anonymous_1)
FN:18,(anonymous_2)
FNF:3
FNH:3
FNDA:3,(anonymous_0)
FNDA:3,(anonymous_1)
FNDA:3,(anonymous_2)
DA:2,4
DA:3,4
DA:7,4
DA:10,4
DA:11,3
DA:12,0
DA:14,3
DA:16,3
DA:17,3
DA:18,3
DA:19,3
DA:20,0
DA:26,4
LF:13
LH:11
BRDA:7,0,0,4
BRDA:7,0,1,0
BRDA:11,1,0,0
BRDA:11,1,1,3
BRDA:14,2,0,3
BRDA:14,2,1,0
BRDA:19,3,0,3
BRDA:19,3,1,0
BRF:8
BRH:4
end_of_record
TN:
SF:index.js
FN:50,(anonymous_0)
FN:77,(anonymous_1)
FN:81,(anonymous_2)
FN:105,(anonymous_3)
FN:113,(anonymous_4)
FN:177,(anonymous_5)
FN:189,(anonymous_6)
FN:191,(anonymous_7)
FN:202,(anonymous_8)
FN:212,(anonymous_9)
FNF:10
FNH:1
FNDA:0,(anonymous_0)
FNDA:0,(anonymous_1)
FNDA:0,(anonymous_2)
FNDA:0,(anonymous_3)
FNDA:0,(anonymous_4)
FNDA:0,(anonymous_5)
FNDA:0,(anonymous_6)
FNDA:0,(anonymous_7)
FNDA:0,(anonymous_8)
FNDA:2,(anonymous_9)
DA:3,4
DA:4,4
DA:5,4
DA:7,4
DA:10,4
DA:11,4
DA:13,4
DA:14,4
DA:15,4
DA:17,4
DA:21,4
DA:25,4
DA:29,4
DA:31,4
DA:33,4
DA:36,4
DA:39,4
DA:40,4
DA:41,4
DA:44,4
DA:53,0
DA:64,4
DA:65,4
DA:66,4
DA:71,4
DA:77,4
DA:78,0
DA:81,4
DA:82,0
DA:83,0
DA:88,4
DA:98,4
DA:105,4
DA:106,0
DA:109,4
DA:126,0
DA:129,0
DA:131,0
DA:135,0
DA:136,0
DA:138,0
DA:139,0
DA:142,0
DA:155,0
DA:157,0
DA:158,0
DA:161,0
DA:172,0
DA:173,0
DA:177,0
DA:178,0
DA:180,0
DA:181,0
DA:184,0
DA:189,4
DA:190,0
DA:192,0
DA:194,0
DA:195,0
DA:202,4
DA:203,0
DA:208,4
DA:210,4
DA:212,4
DA:213,2
DA:221,4
LF:66
LH:37
BRDA:135,0,0,0
BRDA:135,0,1,0
BRDA:138,1,0,0
BRDA:138,1,1,0
BRDA:138,2,0,0
BRDA:138,2,1,0
BRDA:157,3,0,0
BRDA:157,3,1,0
BRDA:157,4,0,0
BRDA:157,4,1,0
BRDA:172,5,0,0
BRDA:172,5,1,0
BRDA:178,6,0,0
BRDA:178,6,1,0
BRDA:190,7,0,0
BRDA:190,7,1,0
BRDA:192,8,0,0
BRDA:192,8,1,0
BRF:18
BRH:0
end_of_record
TN:
SF:model.js
FN:3,ThesisProposal
FN:19,Application
FN:27,Student
FN:38,Teacher
FNF:4
FNH:0
FNDA:0,ThesisProposal
FNDA:0,Application
FNDA:0,Student
FNDA:0,Teacher
DA:4,0
DA:5,0
DA:6,0
DA:7,0
DA:8,0
DA:9,0
DA:10,0
DA:11,0
DA:12,0
DA:13,0
DA:14,0
DA:15,0
DA:16,0
DA:20,0
DA:21,0
DA:22,0
DA:23,0
DA:24,0
DA:28,0
DA:29,0
DA:30,0
DA:31,0
DA:32,0
DA:33,0
DA:34,0
DA:35,0
DA:39,0
DA:40,0
DA:41,0
DA:42,0
DA:43,0
DA:44,0
DA:49,4
LF:33
LH:1
BRF:0
BRH:0
end_of_record
TN:
SF:routes\router.js
FNF:0
FNH:0
DA:1,4
DA:2,4
DA:3,4
DA:4,4
DA:5,4
DA:6,4
DA:8,4
DA:11,4
DA:12,4
DA:13,4
DA:16,4
DA:19,4
DA:23,4
DA:26,4
DA:27,4
DA:28,4
DA:30,4
DA:31,4
DA:36,4
DA:38,4
LF:20
LH:20
BRF:0
BRH:0
end_of_record
TN:
SF:routes\auth\auth.js
FN:3,(anonymous_0)
FN:10,(anonymous_1)
FN:11,(anonymous_2)
FN:19,(anonymous_3)
FN:35,(anonymous_4)
FN:50,(anonymous_5)
FN:52,(anonymous_6)
FNF:7
FNH:3
FNDA:3,(anonymous_0)
FNDA:1,(anonymous_1)
FNDA:0,(anonymous_2)
FNDA:0,(anonymous_3)
FNDA:1,(anonymous_4)
FNDA:0,(anonymous_5)
FNDA:0,(anonymous_6)
DA:1,4
DA:3,4
DA:4,3
DA:5,0
DA:7,3
DA:10,4
DA:11,1
DA:12,0
DA:13,0
DA:14,0
DA:16,0
DA:19,0
DA:20,0
DA:21,0
DA:23,0
DA:30,0
DA:35,4
DA:36,1
DA:37,0
DA:44,0
DA:46,1
DA:50,4
DA:52,0
DA:53,0
DA:57,4
LF:25
LH:11
BRDA:4,0,0,0
BRDA:4,0,1,3
BRDA:12,1,0,0
BRDA:12,1,1,0
BRDA:14,2,0,0
BRDA:14,2,1,0
BRDA:20,3,0,0
BRDA:20,3,1,0
BRDA:28,4,0,0
BRDA:28,4,1,0
BRDA:36,5,0,0
BRDA:36,5,1,1
BRDA:42,6,0,0
BRDA:42,6,1,0
BRF:14
BRH:2
end_of_record
TN:
SF:routes\controller\general.js
FN:3,(anonymous_0)
FNF:1
FNH:0
FNDA:0,(anonymous_0)
DA:1,4
DA:3,4
DA:4,0
DA:5,0
DA:6,0
DA:7,0
DA:8,0
DA:10,0
DA:11,0
DA:12,0
DA:13,0
DA:15,0
DA:18,0
DA:21,4
LF:14
LH:3
BRDA:6,0,0,0
BRDA:6,0,1,0
BRDA:7,1,0,0
BRDA:7,1,1,0
BRDA:12,2,0,0
BRDA:12,2,1,0
BRF:6
BRH:0
end_of_record
TN:
SF:routes\controller\professor.js
FN:4,(anonymous_0)
FN:15,(anonymous_1)
FN:16,(anonymous_2)
FN:24,(anonymous_3)
FN:37,(anonymous_4)
FN:82,(anonymous_5)
FN:110,(anonymous_6)
FNF:7
FNH:2
FNDA:1,(anonymous_0)
FNDA:0,(anonymous_1)
FNDA:0,(anonymous_2)
FNDA:3,(anonymous_3)
FNDA:0,(anonymous_4)
FNDA:0,(anonymous_5)
FNDA:0,(anonymous_6)
DA:1,4
DA:2,4
DA:4,4
DA:5,1
DA:6,1
DA:7,1
DA:8,1
DA:10,0
DA:11,0
DA:12,0
DA:14,0
DA:15,0
DA:16,0
DA:20,0
DA:24,4
DA:25,3
DA:26,3
DA:27,2
DA:28,2
DA:30,0
DA:33,1
DA:37,4
DA:38,0
DA:39,0
DA:40,0
DA:42,0
DA:43,0
DA:44,0
DA:45,0
DA:46,0
DA:47,0
DA:48,0
DA:49,0
DA:50,0
DA:54,0
DA:55,0
DA:56,0
DA:58,0
DA:74,0
DA:75,0
DA:76,0
DA:78,0
DA:82,4
DA:83,0
DA:84,0
DA:85,0
DA:86,0
DA:89,0
DA:91,0
DA:92,0
DA:93,0
DA:95,0
DA:101,0
DA:106,0
DA:110,4
DA:112,0
DA:113,0
DA:114,0
DA:115,0
DA:117,0
DA:118,0
DA:121,0
DA:122,0
DA:124,0
DA:125,0
DA:127,0
DA:128,0
DA:131,0
DA:132,0
DA:133,0
DA:134,0
DA:135,0
DA:136,0
DA:138,0
DA:141,0
DA:142,0
DA:143,0
DA:144,0
DA:146,0
DA:150,0
DA:157,4
LF:81
LH:17
BRDA:7,0,0,1
BRDA:7,0,1,0
BRDA:11,1,0,0
BRDA:11,1,1,0
BRDA:27,2,0,2
BRDA:27,2,1,0
BRDA:44,3,0,0
BRDA:44,3,1,0
BRDA:49,4,0,0
BRDA:49,4,1,0
BRDA:55,5,0,0
BRDA:55,5,1,0
BRDA:85,6,0,0
BRDA:85,6,1,0
BRDA:117,7,0,0
BRDA:117,7,1,0
BRDA:121,8,0,0
BRDA:121,8,1,0
BRDA:124,9,0,0
BRDA:124,9,1,0
BRDA:127,10,0,0
BRDA:127,10,1,0
BRDA:127,11,0,0
BRDA:127,11,1,0
BRDA:131,12,0,0
BRDA:131,12,1,0
BRDA:141,13,0,0
BRDA:141,13,1,0
BRF:28
BRH:2
end_of_record
TN:
SF:routes\controller\student.js
FN:4,(anonymous_0)
FN:25,(anonymous_1)
FNF:2
FNH:0
FNDA:0,(anonymous_0)
FNDA:0,(anonymous_1)
DA:1,4
DA:2,4
DA:4,4
DA:5,0
DA:6,0
DA:7,0
DA:8,0
DA:9,0
DA:11,0
DA:12,0
DA:14,0
DA:15,0
DA:16,0
DA:18,0
DA:19,0
DA:21,0
DA:25,4
DA:31,0
DA:32,0
DA:33,0
DA:34,0
DA:35,0
DA:37,0
DA:39,0
DA:40,0
DA:41,0
DA:42,0
DA:44,0
DA:51,0
DA:56,0
DA:73,4
LF:31
LH:5
BRDA:11,0,0,0
BRDA:11,0,1,0
BRDA:18,1,0,0
BRDA:18,1,1,0
BRDA:34,2,0,0
BRDA:34,2,1,0
BRF:6
BRH:0
end_of_record
TN:
SF:routes\utils\utils.js
FN:8,(anonymous_0)
FN:33,(anonymous_1)
FN:37,(anonymous_2)
FN:62,(anonymous_3)
FN:66,(anonymous_4)
FNF:5
FNH:0
FNDA:0,(anonymous_0)
FNDA:0,(anonymous_1)
FNDA:0,(anonymous_2)
FNDA:0,(anonymous_3)
FNDA:0,(anonymous_4)
DA:1,4
DA:2,4
DA:3,4
DA:4,4
DA:6,4
DA:8,4
DA:9,0
DA:10,0
DA:11,0
DA:12,0
DA:13,0
DA:15,0
DA:16,0
DA:18,0
DA:34,0
DA:35,0
DA:38,0
DA:44,0
DA:45,0
DA:47,0
DA:63,0
DA:64,0
DA:67,0
DA:73,0
DA:75,0
DA:79,4
LF:26
LH:7
BRDA:15,0,0,0
BRDA:15,0,1,0
BRDA:15,1,0,0
BRDA:15,1,1,0
BRDA:44,2,0,0
BRDA:44,2,1,0
BRDA:44,3,0,0
BRDA:44,3,1,0
BRF:8
BRH:0
end_of_record
